This file contains any messages produced by compilers while
running configure, to aid debugging if configure makes a mistake.

It was created by wolfssl configure 5.7.0, which was
generated by GNU Autoconf 2.69.  Invocation command line was

  $ ./configure --enable-dtls --enable-psk --enable-sni --enable-tls13

## --------- ##
## Platform. ##
## --------- ##

hostname = fedora
uname -m = x86_64
uname -r = 6.8.8-200.fc39.x86_64
uname -s = Linux
uname -v = #1 SMP PREEMPT_DYNAMIC Sat Apr 27 17:42:13 UTC 2024

/usr/bin/uname -p = unknown
/bin/uname -X     = unknown

/bin/arch              = x86_64
/usr/bin/arch -k       = unknown
/usr/convex/getsysinfo = unknown
/usr/bin/hostinfo      = unknown
/bin/machine           = unknown
/usr/bin/oslevel       = unknown
/bin/universe          = unknown

PATH: /usr/local/sbin
PATH: /usr/local/bin
PATH: /usr/sbin
PATH: /usr/bin
PATH: /sbin
PATH: /bin
PATH: /var/lib/snapd/snap/bin


## ----------- ##
## Core tests. ##
## ----------- ##

configure:3848: checking for gcc
configure:3864: found /usr/bin/gcc
configure:3875: result: gcc
configure:4104: checking for C compiler version
configure:4113: gcc --version >&5
gcc (GCC) 13.2.1 20240316 (Red Hat 13.2.1-7)
Copyright (C) 2023 Free Software Foundation, Inc.
This is free software; see the source for copying conditions.  There is NO
warranty; not even for MERCHANTABILITY or FITNESS FOR A PARTICULAR PURPOSE.

configure:4124: $? = 0
configure:4113: gcc -v >&5
Using built-in specs.
COLLECT_GCC=gcc
COLLECT_LTO_WRAPPER=/usr/libexec/gcc/x86_64-redhat-linux/13/lto-wrapper
OFFLOAD_TARGET_NAMES=nvptx-none
OFFLOAD_TARGET_DEFAULT=1
Target: x86_64-redhat-linux
Configured with: ../configure --enable-bootstrap --enable-languages=c,c++,fortran,objc,obj-c++,ada,go,d,m2,lto --prefix=/usr --mandir=/usr/share/man --infodir=/usr/share/info --with-bugurl=http://bugzilla.redhat.com/bugzilla --enable-shared --enable-threads=posix --enable-checking=release --enable-multilib --with-system-zlib --enable-__cxa_atexit --disable-libunwind-exceptions --enable-gnu-unique-object --enable-linker-build-id --with-gcc-major-version-only --enable-libstdcxx-backtrace --with-libstdcxx-zoneinfo=/usr/share/zoneinfo --with-linker-hash-style=gnu --enable-plugin --enable-initfini-array --with-isl=/builddir/build/BUILD/gcc-13.2.1-20240316/obj-x86_64-redhat-linux/isl-install --enable-offload-targets=nvptx-none --without-cuda-driver --enable-offload-defaulted --enable-gnu-indirect-function --enable-cet --with-tune=generic --with-arch_32=i686 --build=x86_64-redhat-linux --with-build-config=bootstrap-lto --enable-link-serialization=1
Thread model: posix
Supported LTO compression algorithms: zlib zstd
gcc version 13.2.1 20240316 (Red Hat 13.2.1-7) (GCC) 
... rest of stderr output deleted ...
configure:4124: $? = 0
configure:4113: gcc -V >&5
gcc: error: unrecognized command-line option '-V'
gcc: fatal error: no input files
compilation terminated.
configure:4124: $? = 1
configure:4113: gcc -qversion >&5
gcc: error: unrecognized command-line option '-qversion'; did you mean '--version'?
gcc: fatal error: no input files
compilation terminated.
configure:4124: $? = 1
configure:4144: checking whether the C compiler works
configure:4166: gcc      conftest.c  >&5
configure:4170: $? = 0
configure:4218: result: yes
configure:4221: checking for C compiler default output file name
configure:4223: result: a.out
configure:4229: checking for suffix of executables
configure:4236: gcc -o conftest      conftest.c  >&5
configure:4240: $? = 0
configure:4262: result: 
configure:4284: checking whether we are cross compiling
configure:4292: gcc -o conftest      conftest.c  >&5
configure:4296: $? = 0
configure:4303: ./conftest
configure:4307: $? = 0
configure:4322: result: no
configure:4327: checking for suffix of object files
configure:4349: gcc -c     conftest.c >&5
configure:4353: $? = 0
configure:4374: result: o
configure:4378: checking whether we are using the GNU C compiler
configure:4397: gcc -c     conftest.c >&5
configure:4397: $? = 0
configure:4406: result: yes
configure:4415: checking whether gcc accepts -g
configure:4435: gcc -c -g  conftest.c >&5
configure:4435: $? = 0
configure:4476: result: yes
configure:4493: checking for gcc option to accept ISO C89
configure:4556: gcc  -c     conftest.c >&5
configure:4556: $? = 0
configure:4569: result: none needed
configure:4597: checking whether gcc understands -c and -o together
configure:4619: gcc -c conftest.c -o conftest2.o
configure:4622: $? = 0
configure:4619: gcc -c conftest.c -o conftest2.o
configure:4622: $? = 0
configure:4634: result: yes
configure:4656: checking build system type
configure:4670: result: x86_64-pc-linux-gnu
configure:4690: checking host system type
configure:4703: result: x86_64-pc-linux-gnu
configure:4723: checking target system type
configure:4736: result: x86_64-pc-linux-gnu
configure:4780: checking for a BSD-compatible install
configure:4848: result: /usr/bin/install -c
configure:4859: checking whether build environment is sane
configure:4914: result: yes
configure:5062: checking for a thread-safe mkdir -p
configure:5101: result: /usr/bin/mkdir -p
configure:5108: checking for gawk
configure:5124: found /usr/bin/gawk
configure:5135: result: gawk
configure:5146: checking whether make sets $(MAKE)
configure:5168: result: yes
configure:5190: checking whether make supports the include directive
configure:5205: make -f confmf.GNU && cat confinc.out
this is the am__doit target
configure:5208: $? = 0
configure:5227: result: yes (GNU style)
configure:5260: checking whether make supports nested variables
configure:5277: result: yes
configure:5357: checking whether UID '0' is supported by ustar format
configure:5360: result: yes
configure:5367: checking whether GID '0' is supported by ustar format
configure:5370: result: yes
configure:5378: checking how to create a ustar tar archive
configure:5389: tar --version
tar (GNU tar) 1.35
Copyright (C) 2023 Free Software Foundation, Inc.
License GPLv3+: GNU GPL version 3 or later <https://gnu.org/licenses/gpl.html>.
This is free software: you are free to change and redistribute it.
There is NO WARRANTY, to the extent permitted by law.

Written by John Gilmore and Jay Fenlason.
configure:5392: $? = 0
configure:5432: tardir=conftest.dir && eval tar --format=ustar -chf - "$tardir" >conftest.tar
configure:5435: $? = 0
configure:5439: tar -xf - <conftest.tar
configure:5442: $? = 0
configure:5444: cat conftest.dir/file
GrepMe
configure:5447: $? = 0
configure:5460: result: gnutar
configure:5469: checking dependency style of gcc
configure:5580: result: gcc3
configure:5649: checking whether make supports nested variables
configure:5666: result: yes
configure:5730: checking how to print strings
configure:5757: result: printf
configure:5778: checking for a sed that does not truncate output
configure:5842: result: /usr/bin/sed
configure:5860: checking for grep that handles long lines and -e
configure:5918: result: /usr/bin/grep
configure:5923: checking for egrep
configure:5985: result: /usr/bin/grep -E
configure:5990: checking for fgrep
configure:6052: result: /usr/bin/grep -F
configure:6087: checking for ld used by gcc
configure:6154: result: /usr/bin/ld
configure:6161: checking if the linker (/usr/bin/ld) is GNU ld
configure:6176: result: yes
configure:6188: checking for BSD- or MS-compatible name lister (nm)
configure:6242: result: /usr/bin/nm -B
configure:6372: checking the name lister (/usr/bin/nm -B) interface
configure:6379: gcc -c     conftest.c >&5
configure:6382: /usr/bin/nm -B "conftest.o"
configure:6385: output
0000000000000000 B some_variable
configure:6392: result: BSD nm
configure:6395: checking whether ln -s works
configure:6399: result: yes
configure:6407: checking the maximum length of command line arguments
configure:6538: result: 1572864
configure:6586: checking how to convert x86_64-pc-linux-gnu file names to x86_64-pc-linux-gnu format
configure:6626: result: func_convert_file_noop
configure:6633: checking how to convert x86_64-pc-linux-gnu file names to toolchain format
configure:6653: result: func_convert_file_noop
configure:6660: checking for /usr/bin/ld option to reload object files
configure:6667: result: -r
configure:6741: checking for objdump
configure:6757: found /usr/bin/objdump
configure:6768: result: objdump
configure:6797: checking how to recognize dependent libraries
configure:6997: result: pass_all
configure:7082: checking for dlltool
configure:7112: result: no
configure:7139: checking how to associate runtime and link libraries
configure:7166: result: printf %s\n
configure:7227: checking for ar
configure:7243: found /usr/bin/ar
configure:7254: result: ar
configure:7291: checking for archiver @FILE support
configure:7308: gcc -c     conftest.c >&5
configure:7308: $? = 0
configure:7311: ar cr libconftest.a @conftest.lst >&5
configure:7314: $? = 0
configure:7319: ar cr libconftest.a @conftest.lst >&5
ar: conftest.o: No such file or directory
configure:7322: $? = 1
configure:7334: result: @
configure:7392: checking for strip
configure:7408: found /usr/bin/strip
configure:7419: result: strip
configure:7491: checking for ranlib
configure:7507: found /usr/bin/ranlib
configure:7518: result: ranlib
configure:7620: checking command to parse /usr/bin/nm -B output from gcc object
configure:7773: gcc -c     conftest.c >&5
configure:7776: $? = 0
configure:7780: /usr/bin/nm -B conftest.o | sed -n -e 's/^.*[	 ]\([ABCDGIRSTW][ABCDGIRSTW]*\)[	 ][	 ]*\([_A-Za-z][_A-Za-z0-9]*\)$/\1 \2 \2/p' | sed '/ __gnu_lto/d' > conftest.nm
configure:7846: gcc -o conftest      conftest.c conftstm.o >&5
configure:7849: $? = 0
configure:7887: result: ok
configure:7934: checking for sysroot
configure:7964: result: no
configure:7971: checking for a working dd
configure:8009: result: /usr/bin/dd
configure:8013: checking how to truncate binary pipes
configure:8028: result: /usr/bin/dd bs=4096 count=1
configure:8164: gcc -c     conftest.c >&5
configure:8167: $? = 0
configure:8357: checking for mt
configure:8387: result: no
configure:8407: checking if : is a manifest tool
configure:8413: : '-?'
configure:8421: result: no
configure:9098: checking how to run the C preprocessor
configure:9129: gcc -E  conftest.c
configure:9129: $? = 0
configure:9143: gcc -E  conftest.c
conftest.c:9:10: fatal error: ac_nonexistent.h: No such file or directory
    9 | #include <ac_nonexistent.h>
      |          ^~~~~~~~~~~~~~~~~~
compilation terminated.
configure:9143: $? = 1
configure: failed program was:
| /* confdefs.h */
| #define PACKAGE_NAME "wolfssl"
| #define PACKAGE_TARNAME "wolfssl"
| #define PACKAGE_VERSION "5.7.0"
| #define PACKAGE_STRING "wolfssl 5.7.0"
| #define PACKAGE_BUGREPORT "https://github.com/wolfssl/wolfssl/issues"
| #define PACKAGE_URL "https://www.wolfssl.com"
| /* end confdefs.h.  */
| #include <ac_nonexistent.h>
configure:9168: result: gcc -E
configure:9188: gcc -E  conftest.c
configure:9188: $? = 0
configure:9202: gcc -E  conftest.c
conftest.c:9:10: fatal error: ac_nonexistent.h: No such file or directory
    9 | #include <ac_nonexistent.h>
      |          ^~~~~~~~~~~~~~~~~~
compilation terminated.
configure:9202: $? = 1
configure: failed program was:
| /* confdefs.h */
| #define PACKAGE_NAME "wolfssl"
| #define PACKAGE_TARNAME "wolfssl"
| #define PACKAGE_VERSION "5.7.0"
| #define PACKAGE_STRING "wolfssl 5.7.0"
| #define PACKAGE_BUGREPORT "https://github.com/wolfssl/wolfssl/issues"
| #define PACKAGE_URL "https://www.wolfssl.com"
| /* end confdefs.h.  */
| #include <ac_nonexistent.h>
configure:9231: checking for ANSI C header files
configure:9251: gcc -c     conftest.c >&5
configure:9251: $? = 0
configure:9324: gcc -o conftest      conftest.c  >&5
configure:9324: $? = 0
configure:9324: ./conftest
configure:9324: $? = 0
configure:9335: result: yes
configure:9348: checking for sys/types.h
configure:9348: gcc -c     conftest.c >&5
configure:9348: $? = 0
configure:9348: result: yes
configure:9348: checking for sys/stat.h
configure:9348: gcc -c     conftest.c >&5
configure:9348: $? = 0
configure:9348: result: yes
configure:9348: checking for stdlib.h
configure:9348: gcc -c     conftest.c >&5
configure:9348: $? = 0
configure:9348: result: yes
configure:9348: checking for string.h
configure:9348: gcc -c     conftest.c >&5
configure:9348: $? = 0
configure:9348: result: yes
configure:9348: checking for memory.h
configure:9348: gcc -c     conftest.c >&5
configure:9348: $? = 0
configure:9348: result: yes
configure:9348: checking for strings.h
configure:9348: gcc -c     conftest.c >&5
configure:9348: $? = 0
configure:9348: result: yes
configure:9348: checking for inttypes.h
configure:9348: gcc -c     conftest.c >&5
configure:9348: $? = 0
configure:9348: result: yes
configure:9348: checking for stdint.h
configure:9348: gcc -c     conftest.c >&5
configure:9348: $? = 0
configure:9348: result: yes
configure:9348: checking for unistd.h
configure:9348: gcc -c     conftest.c >&5
configure:9348: $? = 0
configure:9348: result: yes
configure:9362: checking for dlfcn.h
configure:9362: gcc -c     conftest.c >&5
configure:9362: $? = 0
configure:9362: result: yes
configure:9915: checking for objdir
configure:9930: result: .libs
configure:10194: checking if gcc supports -fno-rtti -fno-exceptions
configure:10212: gcc -c     -fno-rtti -fno-exceptions conftest.c >&5
cc1: warning: command-line option '-fno-rtti' is valid for C++/D/ObjC++ but not for C
configure:10216: $? = 0
configure:10229: result: no
configure:10593: checking for gcc option to produce PIC
configure:10600: result: -fPIC -DPIC
configure:10608: checking if gcc PIC flag -fPIC -DPIC works
configure:10626: gcc -c     -fPIC -DPIC -DPIC conftest.c >&5
configure:10630: $? = 0
configure:10643: result: yes
configure:10672: checking if gcc static flag -static works
configure:10700: result: no
configure:10715: checking if gcc supports -c -o file.o
configure:10736: gcc -c     -o out/conftest2.o conftest.c >&5
configure:10740: $? = 0
configure:10762: result: yes
configure:10770: checking if gcc supports -c -o file.o
configure:10817: result: yes
configure:10850: checking whether the gcc linker (/usr/bin/ld -m elf_x86_64) supports shared libraries
configure:12113: result: yes
configure:12150: checking whether -lc should be explicitly linked in
configure:12158: gcc -c     conftest.c >&5
configure:12161: $? = 0
configure:12176: gcc -shared  -fPIC -DPIC conftest.o  -v -Wl,-soname -Wl,conftest -o conftest 2\>\&1 \| /usr/bin/grep  -lc  \>/dev/null 2\>\&1
configure:12179: $? = 0
configure:12193: result: no
configure:12353: checking dynamic linker characteristics
configure:12934: gcc -o conftest      -Wl,-rpath -Wl,/foo conftest.c  >&5
configure:12934: $? = 0
configure:13183: result: GNU/Linux ld.so
configure:13305: checking how to hardcode library paths into programs
configure:13330: result: immediate
configure:13878: checking whether stripping libraries is possible
configure:13883: result: yes
configure:13918: checking if libtool supports shared libraries
configure:13920: result: yes
configure:13923: checking whether to build shared libraries
configure:13948: result: yes
configure:13951: checking whether to build static libraries
configure:13955: result: no
configure:14027: checking whether the -Werror option is usable
configure:14046: gcc -c    -Werror  conftest.c >&5
configure:14046: $? = 0
configure:14055: result: yes
configure:14057: checking for simple visibility declarations
configure:14084: gcc -c    -fvisibility=hidden -Werror  conftest.c >&5
configure:14084: $? = 0
configure:14093: result: yes
configure:14126: checking size of long long
configure:14131: gcc -o conftest      conftest.c  >&5
configure:14131: $? = 0
configure:14131: ./conftest
configure:14131: $? = 0
configure:14145: result: 8
configure:14159: checking size of long
configure:14164: gcc -o conftest      conftest.c  >&5
configure:14164: $? = 0
configure:14164: ./conftest
configure:14164: $? = 0
configure:14178: result: 8
configure:14192: checking size of time_t
configure:14197: gcc -o conftest      conftest.c  >&5
configure:14197: $? = 0
configure:14197: ./conftest
configure:14197: $? = 0
configure:14211: result: 8
configure:14221: checking for __uint128_t
configure:14221: gcc -c     conftest.c >&5
configure:14221: $? = 0
configure:14221: gcc -c     conftest.c >&5
conftest.c: In function 'main':
conftest.c:61:26: error: expected expression before ')' token
   61 | if (sizeof ((__uint128_t)))
      |                          ^
configure:14221: $? = 1
configure: failed program was:
| /* confdefs.h */
| #define PACKAGE_NAME "wolfssl"
| #define PACKAGE_TARNAME "wolfssl"
| #define PACKAGE_VERSION "5.7.0"
| #define PACKAGE_STRING "wolfssl 5.7.0"
| #define PACKAGE_BUGREPORT "https://github.com/wolfssl/wolfssl/issues"
| #define PACKAGE_URL "https://www.wolfssl.com"
| #define STDC_HEADERS 1
| #define HAVE_SYS_TYPES_H 1
| #define HAVE_SYS_STAT_H 1
| #define HAVE_STDLIB_H 1
| #define HAVE_STRING_H 1
| #define HAVE_MEMORY_H 1
| #define HAVE_STRINGS_H 1
| #define HAVE_INTTYPES_H 1
| #define HAVE_STDINT_H 1
| #define HAVE_UNISTD_H 1
| #define HAVE_DLFCN_H 1
| #define LT_OBJDIR ".libs/"
| #define HAVE_VISIBILITY 1
| #define SIZEOF_LONG_LONG 8
| #define SIZEOF_LONG 8
| #define SIZEOF_TIME_T 8
| /* end confdefs.h.  */
| #include <stdio.h>
| #ifdef HAVE_SYS_TYPES_H
| # include <sys/types.h>
| #endif
| #ifdef HAVE_SYS_STAT_H
| # include <sys/stat.h>
| #endif
| #ifdef STDC_HEADERS
| # include <stdlib.h>
| # include <stddef.h>
| #else
| # ifdef HAVE_STDLIB_H
| #  include <stdlib.h>
| # endif
| #endif
| #ifdef HAVE_STRING_H
| # if !defined STDC_HEADERS && defined HAVE_MEMORY_H
| #  include <memory.h>
| # endif
| # include <string.h>
| #endif
| #ifdef HAVE_STRINGS_H
| # include <strings.h>
| #endif
| #ifdef HAVE_INTTYPES_H
| # include <inttypes.h>
| #endif
| #ifdef HAVE_STDINT_H
| # include <stdint.h>
| #endif
| #ifdef HAVE_UNISTD_H
| # include <unistd.h>
| #endif
| int
| main ()
| {
| if (sizeof ((__uint128_t)))
| 	    return 0;
|   ;
|   return 0;
| }
configure:14221: result: yes
configure:14274: checking arpa/inet.h usability
configure:14274: gcc -c     conftest.c >&5
configure:14274: $? = 0
configure:14274: result: yes
configure:14274: checking arpa/inet.h presence
configure:14274: gcc -E  conftest.c
configure:14274: $? = 0
configure:14274: result: yes
configure:14274: checking for arpa/inet.h
configure:14274: result: yes
configure:14274: checking fcntl.h usability
configure:14274: gcc -c     conftest.c >&5
configure:14274: $? = 0
configure:14274: result: yes
configure:14274: checking fcntl.h presence
configure:14274: gcc -E  conftest.c
configure:14274: $? = 0
configure:14274: result: yes
configure:14274: checking for fcntl.h
configure:14274: result: yes
configure:14274: checking limits.h usability
configure:14274: gcc -c     conftest.c >&5
configure:14274: $? = 0
configure:14274: result: yes
configure:14274: checking limits.h presence
configure:14274: gcc -E  conftest.c
configure:14274: $? = 0
configure:14274: result: yes
configure:14274: checking for limits.h
configure:14274: result: yes
configure:14274: checking netdb.h usability
configure:14274: gcc -c     conftest.c >&5
configure:14274: $? = 0
configure:14274: result: yes
configure:14274: checking netdb.h presence
configure:14274: gcc -E  conftest.c
configure:14274: $? = 0
configure:14274: result: yes
configure:14274: checking for netdb.h
configure:14274: result: yes
configure:14274: checking netinet/in.h usability
configure:14274: gcc -c     conftest.c >&5
configure:14274: $? = 0
configure:14274: result: yes
configure:14274: checking netinet/in.h presence
configure:14274: gcc -E  conftest.c
configure:14274: $? = 0
configure:14274: result: yes
configure:14274: checking for netinet/in.h
configure:14274: result: yes
configure:14274: checking stddef.h usability
configure:14274: gcc -c     conftest.c >&5
configure:14274: $? = 0
configure:14274: result: yes
configure:14274: checking stddef.h presence
configure:14274: gcc -E  conftest.c
configure:14274: $? = 0
configure:14274: result: yes
configure:14274: checking for stddef.h
configure:14274: result: yes
configure:14274: checking time.h usability
configure:14274: gcc -c     conftest.c >&5
configure:14274: $? = 0
configure:14274: result: yes
configure:14274: checking time.h presence
configure:14274: gcc -E  conftest.c
configure:14274: $? = 0
configure:14274: result: yes
configure:14274: checking for time.h
configure:14274: result: yes
configure:14274: checking sys/ioctl.h usability
configure:14274: gcc -c     conftest.c >&5
configure:14274: $? = 0
configure:14274: result: yes
configure:14274: checking sys/ioctl.h presence
configure:14274: gcc -E  conftest.c
configure:14274: $? = 0
configure:14274: result: yes
configure:14274: checking for sys/ioctl.h
configure:14274: result: yes
configure:14274: checking sys/socket.h usability
configure:14274: gcc -c     conftest.c >&5
configure:14274: $? = 0
configure:14274: result: yes
configure:14274: checking sys/socket.h presence
configure:14274: gcc -E  conftest.c
configure:14274: $? = 0
configure:14274: result: yes
configure:14274: checking for sys/socket.h
configure:14274: result: yes
configure:14274: checking sys/time.h usability
configure:14274: gcc -c     conftest.c >&5
configure:14274: $? = 0
configure:14274: result: yes
configure:14274: checking sys/time.h presence
configure:14274: gcc -E  conftest.c
configure:14274: $? = 0
configure:14274: result: yes
configure:14274: checking for sys/time.h
configure:14274: result: yes
configure:14274: checking errno.h usability
configure:14274: gcc -c     conftest.c >&5
configure:14274: $? = 0
configure:14274: result: yes
configure:14274: checking errno.h presence
configure:14274: gcc -E  conftest.c
configure:14274: $? = 0
configure:14274: result: yes
configure:14274: checking for errno.h
configure:14274: result: yes
configure:14274: checking sys/un.h usability
configure:14274: gcc -c     conftest.c >&5
configure:14274: $? = 0
configure:14274: result: yes
configure:14274: checking sys/un.h presence
configure:14274: gcc -E  conftest.c
configure:14274: $? = 0
configure:14274: result: yes
configure:14274: checking for sys/un.h
configure:14274: result: yes
configure:14284: checking for socket in -lnetwork
configure:14309: gcc -o conftest      conftest.c -lnetwork   >&5
/usr/bin/ld: cannot find -lnetwork: No such file or directory
collect2: error: ld returned 1 exit status
configure:14309: $? = 1
configure: failed program was:
| /* confdefs.h */
| #define PACKAGE_NAME "wolfssl"
| #define PACKAGE_TARNAME "wolfssl"
| #define PACKAGE_VERSION "5.7.0"
| #define PACKAGE_STRING "wolfssl 5.7.0"
| #define PACKAGE_BUGREPORT "https://github.com/wolfssl/wolfssl/issues"
| #define PACKAGE_URL "https://www.wolfssl.com"
| #define STDC_HEADERS 1
| #define HAVE_SYS_TYPES_H 1
| #define HAVE_SYS_STAT_H 1
| #define HAVE_STDLIB_H 1
| #define HAVE_STRING_H 1
| #define HAVE_MEMORY_H 1
| #define HAVE_STRINGS_H 1
| #define HAVE_INTTYPES_H 1
| #define HAVE_STDINT_H 1
| #define HAVE_UNISTD_H 1
| #define HAVE_DLFCN_H 1
| #define LT_OBJDIR ".libs/"
| #define HAVE_VISIBILITY 1
| #define SIZEOF_LONG_LONG 8
| #define SIZEOF_LONG 8
| #define SIZEOF_TIME_T 8
| #define HAVE___UINT128_T 1
| #define HAVE_ARPA_INET_H 1
| #define HAVE_FCNTL_H 1
| #define HAVE_LIMITS_H 1
| #define HAVE_NETDB_H 1
| #define HAVE_NETINET_IN_H 1
| #define HAVE_STDDEF_H 1
| #define HAVE_TIME_H 1
| #define HAVE_SYS_IOCTL_H 1
| #define HAVE_SYS_SOCKET_H 1
| #define HAVE_SYS_TIME_H 1
| #define HAVE_ERRNO_H 1
| #define HAVE_SYS_UN_H 1
| /* end confdefs.h.  */
| 
| /* Override any GCC internal prototype to avoid an error.
|    Use char because int might match the return type of a GCC
|    builtin and then its argument prototype would still apply.  */
| #ifdef __cplusplus
| extern "C"
| #endif
| char socket ();
| int
| main ()
| {
| return socket ();
|   ;
|   return 0;
| }
configure:14318: result: no
configure:14329: checking whether byte ordering is bigendian
configure:14344: gcc -c     conftest.c >&5
conftest.c:39:16: error: unknown type name 'not'
   39 |                not a universal capable compiler
      |                ^~~
conftest.c:39:22: error: expected '=', ',', ';', 'asm' or '__attribute__' before 'universal'
   39 |                not a universal capable compiler
      |                      ^~~~~~~~~
conftest.c:39:22: error: unknown type name 'universal'
configure:14344: $? = 1
configure: failed program was:
| /* confdefs.h */
| #define PACKAGE_NAME "wolfssl"
| #define PACKAGE_TARNAME "wolfssl"
| #define PACKAGE_VERSION "5.7.0"
| #define PACKAGE_STRING "wolfssl 5.7.0"
| #define PACKAGE_BUGREPORT "https://github.com/wolfssl/wolfssl/issues"
| #define PACKAGE_URL "https://www.wolfssl.com"
| #define STDC_HEADERS 1
| #define HAVE_SYS_TYPES_H 1
| #define HAVE_SYS_STAT_H 1
| #define HAVE_STDLIB_H 1
| #define HAVE_STRING_H 1
| #define HAVE_MEMORY_H 1
| #define HAVE_STRINGS_H 1
| #define HAVE_INTTYPES_H 1
| #define HAVE_STDINT_H 1
| #define HAVE_UNISTD_H 1
| #define HAVE_DLFCN_H 1
| #define LT_OBJDIR ".libs/"
| #define HAVE_VISIBILITY 1
| #define SIZEOF_LONG_LONG 8
| #define SIZEOF_LONG 8
| #define SIZEOF_TIME_T 8
| #define HAVE___UINT128_T 1
| #define HAVE_ARPA_INET_H 1
| #define HAVE_FCNTL_H 1
| #define HAVE_LIMITS_H 1
| #define HAVE_NETDB_H 1
| #define HAVE_NETINET_IN_H 1
| #define HAVE_STDDEF_H 1
| #define HAVE_TIME_H 1
| #define HAVE_SYS_IOCTL_H 1
| #define HAVE_SYS_SOCKET_H 1
| #define HAVE_SYS_TIME_H 1
| #define HAVE_ERRNO_H 1
| #define HAVE_SYS_UN_H 1
| /* end confdefs.h.  */
| #ifndef __APPLE_CC__
| 	       not a universal capable compiler
| 	     #endif
| 	     typedef int dummy;
| 
configure:14389: gcc -c     conftest.c >&5
configure:14389: $? = 0
configure:14407: gcc -c     conftest.c >&5
conftest.c: In function 'main':
conftest.c:45:18: error: unknown type name 'not'; did you mean 'ino_t'?
   45 |                  not big endian
      |                  ^~~
      |                  ino_t
conftest.c:45:26: error: expected '=', ',', ';', 'asm' or '__attribute__' before 'endian'
   45 |                  not big endian
      |                          ^~~~~~
configure:14407: $? = 1
configure: failed program was:
| /* confdefs.h */
| #define PACKAGE_NAME "wolfssl"
| #define PACKAGE_TARNAME "wolfssl"
| #define PACKAGE_VERSION "5.7.0"
| #define PACKAGE_STRING "wolfssl 5.7.0"
| #define PACKAGE_BUGREPORT "https://github.com/wolfssl/wolfssl/issues"
| #define PACKAGE_URL "https://www.wolfssl.com"
| #define STDC_HEADERS 1
| #define HAVE_SYS_TYPES_H 1
| #define HAVE_SYS_STAT_H 1
| #define HAVE_STDLIB_H 1
| #define HAVE_STRING_H 1
| #define HAVE_MEMORY_H 1
| #define HAVE_STRINGS_H 1
| #define HAVE_INTTYPES_H 1
| #define HAVE_STDINT_H 1
| #define HAVE_UNISTD_H 1
| #define HAVE_DLFCN_H 1
| #define LT_OBJDIR ".libs/"
| #define HAVE_VISIBILITY 1
| #define SIZEOF_LONG_LONG 8
| #define SIZEOF_LONG 8
| #define SIZEOF_TIME_T 8
| #define HAVE___UINT128_T 1
| #define HAVE_ARPA_INET_H 1
| #define HAVE_FCNTL_H 1
| #define HAVE_LIMITS_H 1
| #define HAVE_NETDB_H 1
| #define HAVE_NETINET_IN_H 1
| #define HAVE_STDDEF_H 1
| #define HAVE_TIME_H 1
| #define HAVE_SYS_IOCTL_H 1
| #define HAVE_SYS_SOCKET_H 1
| #define HAVE_SYS_TIME_H 1
| #define HAVE_ERRNO_H 1
| #define HAVE_SYS_UN_H 1
| /* end confdefs.h.  */
| #include <sys/types.h>
| 		#include <sys/param.h>
| 
| int
| main ()
| {
| #if BYTE_ORDER != BIG_ENDIAN
| 		 not big endian
| 		#endif
| 
|   ;
|   return 0;
| }
configure:14535: result: no
configure:14553: checking for __atomic
configure:14581: gcc -o conftest      conftest.c  >&5
conftest.c: In function 'main':
conftest.c:43:11: warning: argument 2 of '__atomic_compare_exchange' discards 'volatile' qualifier [-Wincompatible-pointer-types]
   43 |           __atomic_compare_exchange(&ul1, &ul2, &ul3, 1, __ATOMIC_SEQ_CST, __ATOMIC_SEQ_CST);
      |           ^~~~~~~~~~~~~~~~~~~~~~~~~
conftest.c:43:11: warning: argument 3 of '__atomic_compare_exchange' discards 'volatile' qualifier [-Wincompatible-pointer-types]
conftest.c:50:11: warning: argument 2 of '__atomic_compare_exchange' discards 'volatile' qualifier [-Wincompatible-pointer-types]
   50 |           __atomic_compare_exchange(&ull1, &ull2, &ull3, 1, __ATOMIC_SEQ_CST, __ATOMIC_SEQ_CST);
      |           ^~~~~~~~~~~~~~~~~~~~~~~~~
conftest.c:50:11: warning: argument 3 of '__atomic_compare_exchange' discards 'volatile' qualifier [-Wincompatible-pointer-types]
configure:14581: $? = 0
configure:14589: result: yes
configure:14598: checking stdatomic.h usability
configure:14598: gcc -c     conftest.c >&5
configure:14598: $? = 0
configure:14598: result: yes
configure:14598: checking stdatomic.h presence
configure:14598: gcc -E  conftest.c
configure:14598: $? = 0
configure:14598: result: yes
configure:14598: checking for stdatomic.h
configure:14598: result: yes
configure:14611: checking for gethostbyname
configure:14611: gcc -o conftest      conftest.c  >&5
configure:14611: $? = 0
configure:14611: result: yes
configure:14611: checking for getaddrinfo
configure:14611: gcc -o conftest      conftest.c  >&5
configure:14611: $? = 0
configure:14611: result: yes
configure:14611: checking for gettimeofday
configure:14611: gcc -o conftest      conftest.c  >&5
configure:14611: $? = 0
configure:14611: result: yes
configure:14611: checking for gmtime_r
configure:14611: gcc -o conftest      conftest.c  >&5
configure:14611: $? = 0
configure:14611: result: yes
configure:14611: checking for gmtime_s
configure:14611: gcc -o conftest      conftest.c  >&5
/usr/bin/ld: /tmp/ccDRfIcV.o: in function `main':
conftest.c:(.text+0xa): undefined reference to `gmtime_s'
collect2: error: ld returned 1 exit status
configure:14611: $? = 1
configure: failed program was:
| /* confdefs.h */
| #define PACKAGE_NAME "wolfssl"
| #define PACKAGE_TARNAME "wolfssl"
| #define PACKAGE_VERSION "5.7.0"
| #define PACKAGE_STRING "wolfssl 5.7.0"
| #define PACKAGE_BUGREPORT "https://github.com/wolfssl/wolfssl/issues"
| #define PACKAGE_URL "https://www.wolfssl.com"
| #define STDC_HEADERS 1
| #define HAVE_SYS_TYPES_H 1
| #define HAVE_SYS_STAT_H 1
| #define HAVE_STDLIB_H 1
| #define HAVE_STRING_H 1
| #define HAVE_MEMORY_H 1
| #define HAVE_STRINGS_H 1
| #define HAVE_INTTYPES_H 1
| #define HAVE_STDINT_H 1
| #define HAVE_UNISTD_H 1
| #define HAVE_DLFCN_H 1
| #define LT_OBJDIR ".libs/"
| #define HAVE_VISIBILITY 1
| #define SIZEOF_LONG_LONG 8
| #define SIZEOF_LONG 8
| #define SIZEOF_TIME_T 8
| #define HAVE___UINT128_T 1
| #define HAVE_ARPA_INET_H 1
| #define HAVE_FCNTL_H 1
| #define HAVE_LIMITS_H 1
| #define HAVE_NETDB_H 1
| #define HAVE_NETINET_IN_H 1
| #define HAVE_STDDEF_H 1
| #define HAVE_TIME_H 1
| #define HAVE_SYS_IOCTL_H 1
| #define HAVE_SYS_SOCKET_H 1
| #define HAVE_SYS_TIME_H 1
| #define HAVE_ERRNO_H 1
| #define HAVE_SYS_UN_H 1
| #define HAVE_C___ATOMIC 1
| #define HAVE_GETHOSTBYNAME 1
| #define HAVE_GETADDRINFO 1
| #define HAVE_GETTIMEOFDAY 1
| #define HAVE_GMTIME_R 1
| /* end confdefs.h.  */
| /* Define gmtime_s to an innocuous variant, in case <limits.h> declares gmtime_s.
|    For example, HP-UX 11i <limits.h> declares gettimeofday.  */
| #define gmtime_s innocuous_gmtime_s
| 
| /* System header to define __stub macros and hopefully few prototypes,
|     which can conflict with char gmtime_s (); below.
|     Prefer <limits.h> to <assert.h> if __STDC__ is defined, since
|     <limits.h> exists even on freestanding compilers.  */
| 
| #ifdef __STDC__
| # include <limits.h>
| #else
| # include <assert.h>
| #endif
| 
| #undef gmtime_s
| 
| /* Override any GCC internal prototype to avoid an error.
|    Use char because int might match the return type of a GCC
|    builtin and then its argument prototype would still apply.  */
| #ifdef __cplusplus
| extern "C"
| #endif
| char gmtime_s ();
| /* The GNU C library defines this for functions which it implements
|     to always fail with ENOSYS.  Some functions are actually named
|     something starting with __ and the normal name is an alias.  */
| #if defined __stub_gmtime_s || defined __stub___gmtime_s
| choke me
| #endif
| 
| int
| main ()
| {
| return gmtime_s ();
|   ;
|   return 0;
| }
configure:14611: result: no
configure:14611: checking for inet_ntoa
configure:14611: gcc -o conftest      conftest.c  >&5
configure:14611: $? = 0
configure:14611: result: yes
configure:14611: checking for memset
configure:14611: gcc -o conftest      conftest.c  >&5
conftest.c:67:6: warning: conflicting types for built-in function 'memset'; expected 'void *(void *, int,  long unsigned int)' [-Wbuiltin-declaration-mismatch]
   67 | char memset ();
      |      ^~~~~~
conftest.c:55:1: note: 'memset' is declared in header '<string.h>'
   54 | # include <limits.h>
   55 | #else
configure:14611: $? = 0
configure:14611: result: yes
configure:14611: checking for socket
configure:14611: gcc -o conftest      conftest.c  >&5
configure:14611: $? = 0
configure:14611: result: yes
configure:14611: checking for strftime
configure:14611: gcc -o conftest      conftest.c  >&5
conftest.c:69:6: warning: conflicting types for built-in function 'strftime'; expected 'long unsigned int(char *, long unsigned int,  const char *, const void *)' [-Wbuiltin-declaration-mismatch]
   69 | char strftime ();
      |      ^~~~~~~~
conftest.c:57:1: note: 'strftime' is declared in header '<time.h>'
   56 | # include <limits.h>
   57 | #else
configure:14611: $? = 0
configure:14611: result: yes
configure:14611: checking for atexit
configure:14611: gcc -o conftest      conftest.c  >&5
configure:14611: $? = 0
configure:14611: result: yes
configure:14620: checking whether gethostbyname is declared
configure:14620: gcc -c     conftest.c >&5
configure:14620: $? = 0
configure:14620: result: yes
configure:14667: checking whether getaddrinfo is declared
configure:14667: gcc -c     conftest.c >&5
configure:14667: $? = 0
configure:14667: result: yes
configure:14714: checking whether gettimeofday is declared
configure:14714: gcc -c     conftest.c >&5
configure:14714: $? = 0
configure:14714: result: yes
configure:14761: checking whether gmtime_r is declared
configure:14761: gcc -c     conftest.c >&5
configure:14761: $? = 0
configure:14761: result: yes
configure:14808: checking whether gmtime_s is declared
configure:14808: gcc -c     conftest.c >&5
conftest.c: In function 'main':
conftest.c:83:10: error: 'gmtime_s' undeclared (first use in this function); did you mean 'gmtime_r'?
   83 |   (void) gmtime_s;
      |          ^~~~~~~~
      |          gmtime_r
conftest.c:83:10: note: each undeclared identifier is reported only once for each function it appears in
configure:14808: $? = 1
configure: failed program was:
| /* confdefs.h */
| #define PACKAGE_NAME "wolfssl"
| #define PACKAGE_TARNAME "wolfssl"
| #define PACKAGE_VERSION "5.7.0"
| #define PACKAGE_STRING "wolfssl 5.7.0"
| #define PACKAGE_BUGREPORT "https://github.com/wolfssl/wolfssl/issues"
| #define PACKAGE_URL "https://www.wolfssl.com"
| #define STDC_HEADERS 1
| #define HAVE_SYS_TYPES_H 1
| #define HAVE_SYS_STAT_H 1
| #define HAVE_STDLIB_H 1
| #define HAVE_STRING_H 1
| #define HAVE_MEMORY_H 1
| #define HAVE_STRINGS_H 1
| #define HAVE_INTTYPES_H 1
| #define HAVE_STDINT_H 1
| #define HAVE_UNISTD_H 1
| #define HAVE_DLFCN_H 1
| #define LT_OBJDIR ".libs/"
| #define HAVE_VISIBILITY 1
| #define SIZEOF_LONG_LONG 8
| #define SIZEOF_LONG 8
| #define SIZEOF_TIME_T 8
| #define HAVE___UINT128_T 1
| #define HAVE_ARPA_INET_H 1
| #define HAVE_FCNTL_H 1
| #define HAVE_LIMITS_H 1
| #define HAVE_NETDB_H 1
| #define HAVE_NETINET_IN_H 1
| #define HAVE_STDDEF_H 1
| #define HAVE_TIME_H 1
| #define HAVE_SYS_IOCTL_H 1
| #define HAVE_SYS_SOCKET_H 1
| #define HAVE_SYS_TIME_H 1
| #define HAVE_ERRNO_H 1
| #define HAVE_SYS_UN_H 1
| #define HAVE_C___ATOMIC 1
| #define HAVE_GETHOSTBYNAME 1
| #define HAVE_GETADDRINFO 1
| #define HAVE_GETTIMEOFDAY 1
| #define HAVE_GMTIME_R 1
| #define HAVE_INET_NTOA 1
| #define HAVE_MEMSET 1
| #define HAVE_SOCKET 1
| #define HAVE_STRFTIME 1
| #define HAVE_ATEXIT 1
| #define HAVE_DECL_GETHOSTBYNAME 1
| #define HAVE_DECL_GETADDRINFO 1
| #define HAVE_DECL_GETTIMEOFDAY 1
| #define HAVE_DECL_GMTIME_R 1
| /* end confdefs.h.  */
| 
| #ifdef HAVE_SYS_SOCKET_H
|     #include <sys/socket.h>
| #endif
| #ifdef HAVE_STRING_H
|     #include <string.h>
| #endif
| #ifdef HAVE_NETDB_H
|     #include <netdb.h>
| #endif
| #ifdef HAVE_ARPA_INET_H
|     #include <arpa/inet.h>
| #endif
| #ifdef HAVE_SYS_TIME_H
|     #include <sys/time.h>
| #endif
| #ifdef HAVE_TIME_H
|     #include <time.h>
| #endif
| #ifdef HAVE_STDLIB_H
|     #include <stdlib.h>
| #endif
| 
| 
| int
| main ()
| {
| #ifndef gmtime_s
| #ifdef __cplusplus
|   (void) gmtime_s;
| #else
|   (void) gmtime_s;
| #endif
| #endif
| 
|   ;
|   return 0;
| }
configure:14808: result: no
configure:14855: checking whether inet_ntoa is declared
configure:14855: gcc -c     conftest.c >&5
configure:14855: $? = 0
configure:14855: result: yes
configure:14902: checking whether memset is declared
configure:14902: gcc -c     conftest.c >&5
configure:14902: $? = 0
configure:14902: result: yes
configure:14949: checking whether socket is declared
configure:14949: gcc -c     conftest.c >&5
configure:14949: $? = 0
configure:14949: result: yes
configure:14996: checking whether strftime is declared
configure:14996: gcc -c     conftest.c >&5
configure:14996: $? = 0
configure:14996: result: yes
configure:15043: checking whether atexit is declared
configure:15043: gcc -c     conftest.c >&5
configure:15043: $? = 0
configure:15043: result: yes
configure:15093: checking for size_t
configure:15093: gcc -c     conftest.c >&5
configure:15093: $? = 0
configure:15093: gcc -c     conftest.c >&5
conftest.c: In function 'main':
conftest.c:94:21: error: expected expression before ')' token
   94 | if (sizeof ((size_t)))
      |                     ^
configure:15093: $? = 1
configure: failed program was:
| /* confdefs.h */
| #define PACKAGE_NAME "wolfssl"
| #define PACKAGE_TARNAME "wolfssl"
| #define PACKAGE_VERSION "5.7.0"
| #define PACKAGE_STRING "wolfssl 5.7.0"
| #define PACKAGE_BUGREPORT "https://github.com/wolfssl/wolfssl/issues"
| #define PACKAGE_URL "https://www.wolfssl.com"
| #define STDC_HEADERS 1
| #define HAVE_SYS_TYPES_H 1
| #define HAVE_SYS_STAT_H 1
| #define HAVE_STDLIB_H 1
| #define HAVE_STRING_H 1
| #define HAVE_MEMORY_H 1
| #define HAVE_STRINGS_H 1
| #define HAVE_INTTYPES_H 1
| #define HAVE_STDINT_H 1
| #define HAVE_UNISTD_H 1
| #define HAVE_DLFCN_H 1
| #define LT_OBJDIR ".libs/"
| #define HAVE_VISIBILITY 1
| #define SIZEOF_LONG_LONG 8
| #define SIZEOF_LONG 8
| #define SIZEOF_TIME_T 8
| #define HAVE___UINT128_T 1
| #define HAVE_ARPA_INET_H 1
| #define HAVE_FCNTL_H 1
| #define HAVE_LIMITS_H 1
| #define HAVE_NETDB_H 1
| #define HAVE_NETINET_IN_H 1
| #define HAVE_STDDEF_H 1
| #define HAVE_TIME_H 1
| #define HAVE_SYS_IOCTL_H 1
| #define HAVE_SYS_SOCKET_H 1
| #define HAVE_SYS_TIME_H 1
| #define HAVE_ERRNO_H 1
| #define HAVE_SYS_UN_H 1
| #define HAVE_C___ATOMIC 1
| #define HAVE_GETHOSTBYNAME 1
| #define HAVE_GETADDRINFO 1
| #define HAVE_GETTIMEOFDAY 1
| #define HAVE_GMTIME_R 1
| #define HAVE_INET_NTOA 1
| #define HAVE_MEMSET 1
| #define HAVE_SOCKET 1
| #define HAVE_STRFTIME 1
| #define HAVE_ATEXIT 1
| #define HAVE_DECL_GETHOSTBYNAME 1
| #define HAVE_DECL_GETADDRINFO 1
| #define HAVE_DECL_GETTIMEOFDAY 1
| #define HAVE_DECL_GMTIME_R 1
| #define HAVE_DECL_GMTIME_S 0
| #define HAVE_DECL_INET_NTOA 1
| #define HAVE_DECL_MEMSET 1
| #define HAVE_DECL_SOCKET 1
| #define HAVE_DECL_STRFTIME 1
| #define HAVE_DECL_ATEXIT 1
| /* end confdefs.h.  */
| #include <stdio.h>
| #ifdef HAVE_SYS_TYPES_H
| # include <sys/types.h>
| #endif
| #ifdef HAVE_SYS_STAT_H
| # include <sys/stat.h>
| #endif
| #ifdef STDC_HEADERS
| # include <stdlib.h>
| # include <stddef.h>
| #else
| # ifdef HAVE_STDLIB_H
| #  include <stdlib.h>
| # endif
| #endif
| #ifdef HAVE_STRING_H
| # if !defined STDC_HEADERS && defined HAVE_MEMORY_H
| #  include <memory.h>
| # endif
| # include <string.h>
| #endif
| #ifdef HAVE_STRINGS_H
| # include <strings.h>
| #endif
| #ifdef HAVE_INTTYPES_H
| # include <inttypes.h>
| #endif
| #ifdef HAVE_STDINT_H
| # include <stdint.h>
| #endif
| #ifdef HAVE_UNISTD_H
| # include <unistd.h>
| #endif
| int
| main ()
| {
| if (sizeof ((size_t)))
| 	    return 0;
|   ;
|   return 0;
| }
configure:15093: result: yes
configure:15104: checking for uint8_t
configure:15104: gcc -c     conftest.c >&5
configure:15104: $? = 0
configure:15104: result: yes
configure:15119: checking for uintptr_t
configure:15119: gcc -c     conftest.c >&5
configure:15119: $? = 0
configure:15119: gcc -c     conftest.c >&5
conftest.c: In function 'main':
conftest.c:94:24: error: expected expression before ')' token
   94 | if (sizeof ((uintptr_t)))
      |                        ^
configure:15119: $? = 1
configure: failed program was:
| /* confdefs.h */
| #define PACKAGE_NAME "wolfssl"
| #define PACKAGE_TARNAME "wolfssl"
| #define PACKAGE_VERSION "5.7.0"
| #define PACKAGE_STRING "wolfssl 5.7.0"
| #define PACKAGE_BUGREPORT "https://github.com/wolfssl/wolfssl/issues"
| #define PACKAGE_URL "https://www.wolfssl.com"
| #define STDC_HEADERS 1
| #define HAVE_SYS_TYPES_H 1
| #define HAVE_SYS_STAT_H 1
| #define HAVE_STDLIB_H 1
| #define HAVE_STRING_H 1
| #define HAVE_MEMORY_H 1
| #define HAVE_STRINGS_H 1
| #define HAVE_INTTYPES_H 1
| #define HAVE_STDINT_H 1
| #define HAVE_UNISTD_H 1
| #define HAVE_DLFCN_H 1
| #define LT_OBJDIR ".libs/"
| #define HAVE_VISIBILITY 1
| #define SIZEOF_LONG_LONG 8
| #define SIZEOF_LONG 8
| #define SIZEOF_TIME_T 8
| #define HAVE___UINT128_T 1
| #define HAVE_ARPA_INET_H 1
| #define HAVE_FCNTL_H 1
| #define HAVE_LIMITS_H 1
| #define HAVE_NETDB_H 1
| #define HAVE_NETINET_IN_H 1
| #define HAVE_STDDEF_H 1
| #define HAVE_TIME_H 1
| #define HAVE_SYS_IOCTL_H 1
| #define HAVE_SYS_SOCKET_H 1
| #define HAVE_SYS_TIME_H 1
| #define HAVE_ERRNO_H 1
| #define HAVE_SYS_UN_H 1
| #define HAVE_C___ATOMIC 1
| #define HAVE_GETHOSTBYNAME 1
| #define HAVE_GETADDRINFO 1
| #define HAVE_GETTIMEOFDAY 1
| #define HAVE_GMTIME_R 1
| #define HAVE_INET_NTOA 1
| #define HAVE_MEMSET 1
| #define HAVE_SOCKET 1
| #define HAVE_STRFTIME 1
| #define HAVE_ATEXIT 1
| #define HAVE_DECL_GETHOSTBYNAME 1
| #define HAVE_DECL_GETADDRINFO 1
| #define HAVE_DECL_GETTIMEOFDAY 1
| #define HAVE_DECL_GMTIME_R 1
| #define HAVE_DECL_GMTIME_S 0
| #define HAVE_DECL_INET_NTOA 1
| #define HAVE_DECL_MEMSET 1
| #define HAVE_DECL_SOCKET 1
| #define HAVE_DECL_STRFTIME 1
| #define HAVE_DECL_ATEXIT 1
| /* end confdefs.h.  */
| #include <stdio.h>
| #ifdef HAVE_SYS_TYPES_H
| # include <sys/types.h>
| #endif
| #ifdef HAVE_SYS_STAT_H
| # include <sys/stat.h>
| #endif
| #ifdef STDC_HEADERS
| # include <stdlib.h>
| # include <stddef.h>
| #else
| # ifdef HAVE_STDLIB_H
| #  include <stdlib.h>
| # endif
| #endif
| #ifdef HAVE_STRING_H
| # if !defined STDC_HEADERS && defined HAVE_MEMORY_H
| #  include <memory.h>
| # endif
| # include <string.h>
| #endif
| #ifdef HAVE_STRINGS_H
| # include <strings.h>
| #endif
| #ifdef HAVE_INTTYPES_H
| # include <inttypes.h>
| #endif
| #ifdef HAVE_STDINT_H
| # include <stdint.h>
| #endif
| #ifdef HAVE_UNISTD_H
| # include <unistd.h>
| #endif
| int
| main ()
| {
| if (sizeof ((uintptr_t)))
| 	    return 0;
|   ;
|   return 0;
| }
configure:15119: result: yes
configure:15164: checking dependency style of gcc
configure:15273: result: gcc3
configure:15315: checking for thread local storage (TLS) class
configure:15337: gcc -c     conftest.c >&5
conftest.c: In function 'main':
conftest.c:63:21: error: expected ';' before 'int'
   63 | static  thread_local  int bar;
      |                     ^ ~~~
      |                     ;
configure:15337: $? = 1
configure: failed program was:
| /* confdefs.h */
| #define PACKAGE_NAME "wolfssl"
| #define PACKAGE_TARNAME "wolfssl"
| #define PACKAGE_VERSION "5.7.0"
| #define PACKAGE_STRING "wolfssl 5.7.0"
| #define PACKAGE_BUGREPORT "https://github.com/wolfssl/wolfssl/issues"
| #define PACKAGE_URL "https://www.wolfssl.com"
| #define STDC_HEADERS 1
| #define HAVE_SYS_TYPES_H 1
| #define HAVE_SYS_STAT_H 1
| #define HAVE_STDLIB_H 1
| #define HAVE_STRING_H 1
| #define HAVE_MEMORY_H 1
| #define HAVE_STRINGS_H 1
| #define HAVE_INTTYPES_H 1
| #define HAVE_STDINT_H 1
| #define HAVE_UNISTD_H 1
| #define HAVE_DLFCN_H 1
| #define LT_OBJDIR ".libs/"
| #define HAVE_VISIBILITY 1
| #define SIZEOF_LONG_LONG 8
| #define SIZEOF_LONG 8
| #define SIZEOF_TIME_T 8
| #define HAVE___UINT128_T 1
| #define HAVE_ARPA_INET_H 1
| #define HAVE_FCNTL_H 1
| #define HAVE_LIMITS_H 1
| #define HAVE_NETDB_H 1
| #define HAVE_NETINET_IN_H 1
| #define HAVE_STDDEF_H 1
| #define HAVE_TIME_H 1
| #define HAVE_SYS_IOCTL_H 1
| #define HAVE_SYS_SOCKET_H 1
| #define HAVE_SYS_TIME_H 1
| #define HAVE_ERRNO_H 1
| #define HAVE_SYS_UN_H 1
| #define HAVE_C___ATOMIC 1
| #define HAVE_GETHOSTBYNAME 1
| #define HAVE_GETADDRINFO 1
| #define HAVE_GETTIMEOFDAY 1
| #define HAVE_GMTIME_R 1
| #define HAVE_INET_NTOA 1
| #define HAVE_MEMSET 1
| #define HAVE_SOCKET 1
| #define HAVE_STRFTIME 1
| #define HAVE_ATEXIT 1
| #define HAVE_DECL_GETHOSTBYNAME 1
| #define HAVE_DECL_GETADDRINFO 1
| #define HAVE_DECL_GETTIMEOFDAY 1
| #define HAVE_DECL_GMTIME_R 1
| #define HAVE_DECL_GMTIME_S 0
| #define HAVE_DECL_INET_NTOA 1
| #define HAVE_DECL_MEMSET 1
| #define HAVE_DECL_SOCKET 1
| #define HAVE_DECL_STRFTIME 1
| #define HAVE_DECL_ATEXIT 1
| #define HAVE_UINTPTR_T 1
| /* end confdefs.h.  */
| #include <stdlib.h>
| int
| main ()
| {
| static  thread_local  int bar;
| 
|   ;
|   return 0;
| }
configure:15337: gcc -c     conftest.c >&5
configure:15337: $? = 0
configure:15350: result: _Thread_local
configure:15390: checking for debug
configure:15392: result: no
configure:17010: checking whether gcc is Clang
configure:17035: result: no
configure:17097: checking whether pthreads work with "-pthread" and "-lpthread"
configure:17202: gcc -o conftest    -pthread   conftest.c -lpthread  >&5
configure:17202: $? = 0
configure:17211: result: yes
configure:17328: checking for joinable pthread attribute
configure:17346: gcc -o conftest    -pthread   conftest.c -lpthread  >&5
configure:17346: $? = 0
configure:17354: result: PTHREAD_CREATE_JOINABLE
configure:17368: checking whether more special flags are required for pthreads
configure:17381: result: no
configure:17389: checking for PTHREAD_PRIO_INHERIT
configure:17406: gcc -o conftest    -pthread   conftest.c -lpthread  >&5
configure:17406: $? = 0
configure:17415: result: yes
configure:27577: checking for cos in -lm
configure:27602: gcc -o conftest      conftest.c -lm   -lpthread >&5
conftest.c:70:6: warning: conflicting types for built-in function 'cos'; expected 'double(double)' [-Wbuiltin-declaration-mismatch]
   70 | char cos ();
      |      ^~~
conftest.c:1:1: note: 'cos' is declared in header '<math.h>'
    1 | /* confdefs.h */
configure:27602: $? = 0
configure:27611: result: yes
configure:27689: checking for library containing gethostbyname
configure:27720: gcc -o conftest      conftest.c  -lpthread >&5
configure:27720: $? = 0
configure:27737: result: none required
configure:27745: checking for library containing socket
configure:27776: gcc -o conftest      conftest.c  -lpthread >&5
configure:27776: $? = 0
configure:27793: result: none required
configure:27844: checking for vcs system
configure:27864: result: none
configure:27873: checking for vcs checkout
configure:27885: result: no
configure:27957: checking whether the linker accepts -Werror
configure:27976: gcc -o conftest       -Werror conftest.c  -lpthread >&5
configure:27976: $? = 0
configure:27985: result: yes
configure:27999: checking whether the linker accepts -z relro -z now
configure:28018: gcc -o conftest      -Werror -z relro -z now conftest.c  -lpthread >&5
configure:28018: $? = 0
configure:28028: result: yes
configure:28040: checking whether the linker accepts -pie
configure:28059: gcc -o conftest      -Werror -pie conftest.c  -lpthread >&5
configure:28059: $? = 0
configure:28069: result: yes
configure:28183: checking whether C compiler accepts -Werror
configure:28202: gcc -c     -Werror  conftest.c >&5
configure:28202: $? = 0
configure:28211: result: yes
configure:28227: : ax_append_compile_cflags_extra="$ax_append_compile_cflags_extra"
configure:28230: $? = 0
configure:28491: checking whether C compiler accepts -Wno-pragmas
configure:28510: gcc -c     -Werror -Wno-pragmas  conftest.c >&5
configure:28510: $? = 0
configure:28519: result: yes
configure:28535: : CFLAGS="$CFLAGS"
configure:28538: $? = 0
configure:28567: checking whether C compiler accepts -Wall
configure:28586: gcc -c    -Wno-pragmas  -Werror -Wall  conftest.c >&5
configure:28586: $? = 0
configure:28595: result: yes
configure:28611: : CFLAGS="$CFLAGS"
configure:28614: $? = 0
configure:28642: checking whether C compiler accepts -Wextra
configure:28661: gcc -c    -Wno-pragmas -Wall  -Werror -Wextra  conftest.c >&5
configure:28661: $? = 0
configure:28670: result: yes
configure:28686: : CFLAGS="$CFLAGS"
configure:28689: $? = 0
configure:28717: checking whether C compiler accepts -Wunknown-pragmas
configure:28736: gcc -c    -Wno-pragmas -Wall -Wextra  -Werror -Wunknown-pragmas  conftest.c >&5
configure:28736: $? = 0
configure:28745: result: yes
configure:28761: : CFLAGS="$CFLAGS"
configure:28764: $? = 0
configure:28792: checking whether C compiler accepts -Wthis-test-should-fail
configure:28811: gcc -c    -Wno-pragmas -Wall -Wextra -Wunknown-pragmas  -Werror -Wthis-test-should-fail  conftest.c >&5
gcc: error: unrecognized command-line option '-Wthis-test-should-fail'
configure:28811: $? = 1
configure: failed program was:
| /* confdefs.h */
| #define PACKAGE_NAME "wolfssl"
| #define PACKAGE_TARNAME "wolfssl"
| #define PACKAGE_VERSION "5.7.0"
| #define PACKAGE_STRING "wolfssl 5.7.0"
| #define PACKAGE_BUGREPORT "https://github.com/wolfssl/wolfssl/issues"
| #define PACKAGE_URL "https://www.wolfssl.com"
| #define STDC_HEADERS 1
| #define HAVE_SYS_TYPES_H 1
| #define HAVE_SYS_STAT_H 1
| #define HAVE_STDLIB_H 1
| #define HAVE_STRING_H 1
| #define HAVE_MEMORY_H 1
| #define HAVE_STRINGS_H 1
| #define HAVE_INTTYPES_H 1
| #define HAVE_STDINT_H 1
| #define HAVE_UNISTD_H 1
| #define HAVE_DLFCN_H 1
| #define LT_OBJDIR ".libs/"
| #define HAVE_VISIBILITY 1
| #define SIZEOF_LONG_LONG 8
| #define SIZEOF_LONG 8
| #define SIZEOF_TIME_T 8
| #define HAVE___UINT128_T 1
| #define HAVE_ARPA_INET_H 1
| #define HAVE_FCNTL_H 1
| #define HAVE_LIMITS_H 1
| #define HAVE_NETDB_H 1
| #define HAVE_NETINET_IN_H 1
| #define HAVE_STDDEF_H 1
| #define HAVE_TIME_H 1
| #define HAVE_SYS_IOCTL_H 1
| #define HAVE_SYS_SOCKET_H 1
| #define HAVE_SYS_TIME_H 1
| #define HAVE_ERRNO_H 1
| #define HAVE_SYS_UN_H 1
| #define HAVE_C___ATOMIC 1
| #define HAVE_GETHOSTBYNAME 1
| #define HAVE_GETADDRINFO 1
| #define HAVE_GETTIMEOFDAY 1
| #define HAVE_GMTIME_R 1
| #define HAVE_INET_NTOA 1
| #define HAVE_MEMSET 1
| #define HAVE_SOCKET 1
| #define HAVE_STRFTIME 1
| #define HAVE_ATEXIT 1
| #define HAVE_DECL_GETHOSTBYNAME 1
| #define HAVE_DECL_GETADDRINFO 1
| #define HAVE_DECL_GETTIMEOFDAY 1
| #define HAVE_DECL_GMTIME_R 1
| #define HAVE_DECL_GMTIME_S 0
| #define HAVE_DECL_INET_NTOA 1
| #define HAVE_DECL_MEMSET 1
| #define HAVE_DECL_SOCKET 1
| #define HAVE_DECL_STRFTIME 1
| #define HAVE_DECL_ATEXIT 1
| #define HAVE_UINTPTR_T 1
| #define TLS _Thread_local
| #define DEBUG 0
| #define HAVE_PTHREAD_PRIO_INHERIT 1
| #define HAVE_PTHREAD 1
| #define VCS_SYSTEM "none"
| #define VCS_CHECKOUT 0
| /* end confdefs.h.  */
| 
| int
| main ()
| {
| 
|   ;
|   return 0;
| }
configure:28820: result: no
configure:28871: checking whether C compiler accepts --param=ssp-buffer-size=1
configure:28890: gcc -c    -Wno-pragmas -Wall -Wextra -Wunknown-pragmas  -Werror --param=ssp-buffer-size=1  conftest.c >&5
configure:28890: $? = 0
configure:28899: result: yes
configure:28915: : CFLAGS="$CFLAGS"
configure:28918: $? = 0
configure:28948: checking whether C compiler accepts -Waddress
configure:28967: gcc -c    -Wno-pragmas -Wall -Wextra -Wunknown-pragmas --param=ssp-buffer-size=1  -Werror -Waddress  conftest.c >&5
configure:28967: $? = 0
configure:28976: result: yes
configure:28992: : CFLAGS="$CFLAGS"
configure:28995: $? = 0
configure:29023: checking whether C compiler accepts -Warray-bounds
configure:29042: gcc -c    -Wno-pragmas -Wall -Wextra -Wunknown-pragmas --param=ssp-buffer-size=1 -Waddress  -Werror -Warray-bounds  conftest.c >&5
configure:29042: $? = 0
configure:29051: result: yes
configure:29067: : CFLAGS="$CFLAGS"
configure:29070: $? = 0
configure:29098: checking whether C compiler accepts -Wbad-function-cast
configure:29117: gcc -c    -Wno-pragmas -Wall -Wextra -Wunknown-pragmas --param=ssp-buffer-size=1 -Waddress -Warray-bounds  -Werror -Wbad-function-cast  conftest.c >&5
configure:29117: $? = 0
configure:29126: result: yes
configure:29142: : CFLAGS="$CFLAGS"
configure:29145: $? = 0
configure:29173: checking whether C compiler accepts -Wchar-subscripts
configure:29192: gcc -c    -Wno-pragmas -Wall -Wextra -Wunknown-pragmas --param=ssp-buffer-size=1 -Waddress -Warray-bounds -Wbad-function-cast  -Werror -Wchar-subscripts  conftest.c >&5
configure:29192: $? = 0
configure:29201: result: yes
configure:29217: : CFLAGS="$CFLAGS"
configure:29220: $? = 0
configure:29248: checking whether C compiler accepts -Wcomment
configure:29267: gcc -c    -Wno-pragmas -Wall -Wextra -Wunknown-pragmas --param=ssp-buffer-size=1 -Waddress -Warray-bounds -Wbad-function-cast -Wchar-subscripts  -Werror -Wcomment  conftest.c >&5
configure:29267: $? = 0
configure:29276: result: yes
configure:29292: : CFLAGS="$CFLAGS"
configure:29295: $? = 0
configure:29323: checking whether C compiler accepts -Wfloat-equal
configure:29342: gcc -c    -Wno-pragmas -Wall -Wextra -Wunknown-pragmas --param=ssp-buffer-size=1 -Waddress -Warray-bounds -Wbad-function-cast -Wchar-subscripts -Wcomment  -Werror -Wfloat-equal  conftest.c >&5
configure:29342: $? = 0
configure:29351: result: yes
configure:29367: : CFLAGS="$CFLAGS"
configure:29370: $? = 0
configure:29398: checking whether C compiler accepts -Wformat-security
configure:29417: gcc -c    -Wno-pragmas -Wall -Wextra -Wunknown-pragmas --param=ssp-buffer-size=1 -Waddress -Warray-bounds -Wbad-function-cast -Wchar-subscripts -Wcomment -Wfloat-equal  -Werror -Wformat-security  conftest.c >&5
configure:29417: $? = 0
configure:29426: result: yes
configure:29442: : CFLAGS="$CFLAGS"
configure:29445: $? = 0
configure:29473: checking whether C compiler accepts -Wformat=2
configure:29492: gcc -c    -Wno-pragmas -Wall -Wextra -Wunknown-pragmas --param=ssp-buffer-size=1 -Waddress -Warray-bounds -Wbad-function-cast -Wchar-subscripts -Wcomment -Wfloat-equal -Wformat-security  -Werror -Wformat=2  conftest.c >&5
configure:29492: $? = 0
configure:29501: result: yes
configure:29517: : CFLAGS="$CFLAGS"
configure:29520: $? = 0
configure:29548: checking whether C compiler accepts -Wmaybe-uninitialized
configure:29567: gcc -c    -Wno-pragmas -Wall -Wextra -Wunknown-pragmas --param=ssp-buffer-size=1 -Waddress -Warray-bounds -Wbad-function-cast -Wchar-subscripts -Wcomment -Wfloat-equal -Wformat-security -Wformat=2  -Werror -Wmaybe-uninitialized  conftest.c >&5
configure:29567: $? = 0
configure:29576: result: yes
configure:29592: : CFLAGS="$CFLAGS"
configure:29595: $? = 0
configure:29623: checking whether C compiler accepts -Wmissing-field-initializers
configure:29642: gcc -c    -Wno-pragmas -Wall -Wextra -Wunknown-pragmas --param=ssp-buffer-size=1 -Waddress -Warray-bounds -Wbad-function-cast -Wchar-subscripts -Wcomment -Wfloat-equal -Wformat-security -Wformat=2 -Wmaybe-uninitialized  -Werror -Wmissing-field-initializers  conftest.c >&5
configure:29642: $? = 0
configure:29651: result: yes
configure:29667: : CFLAGS="$CFLAGS"
configure:29670: $? = 0
configure:29698: checking whether C compiler accepts -Wmissing-noreturn
configure:29717: gcc -c    -Wno-pragmas -Wall -Wextra -Wunknown-pragmas --param=ssp-buffer-size=1 -Waddress -Warray-bounds -Wbad-function-cast -Wchar-subscripts -Wcomment -Wfloat-equal -Wformat-security -Wformat=2 -Wmaybe-uninitialized -Wmissing-field-initializers  -Werror -Wmissing-noreturn  conftest.c >&5
configure:29717: $? = 0
configure:29726: result: yes
configure:29742: : CFLAGS="$CFLAGS"
configure:29745: $? = 0
configure:29773: checking whether C compiler accepts -Wmissing-prototypes
configure:29792: gcc -c    -Wno-pragmas -Wall -Wextra -Wunknown-pragmas --param=ssp-buffer-size=1 -Waddress -Warray-bounds -Wbad-function-cast -Wchar-subscripts -Wcomment -Wfloat-equal -Wformat-security -Wformat=2 -Wmaybe-uninitialized -Wmissing-field-initializers -Wmissing-noreturn  -Werror -Wmissing-prototypes  conftest.c >&5
configure:29792: $? = 0
configure:29801: result: yes
configure:29817: : CFLAGS="$CFLAGS"
configure:29820: $? = 0
configure:29848: checking whether C compiler accepts -Wnested-externs
configure:29867: gcc -c    -Wno-pragmas -Wall -Wextra -Wunknown-pragmas --param=ssp-buffer-size=1 -Waddress -Warray-bounds -Wbad-function-cast -Wchar-subscripts -Wcomment -Wfloat-equal -Wformat-security -Wformat=2 -Wmaybe-uninitialized -Wmissing-field-initializers -Wmissing-noreturn -Wmissing-prototypes  -Werror -Wnested-externs  conftest.c >&5
configure:29867: $? = 0
configure:29876: result: yes
configure:29892: : CFLAGS="$CFLAGS"
configure:29895: $? = 0
configure:29923: checking whether C compiler accepts -Wnormalized=id
configure:29942: gcc -c    -Wno-pragmas -Wall -Wextra -Wunknown-pragmas --param=ssp-buffer-size=1 -Waddress -Warray-bounds -Wbad-function-cast -Wchar-subscripts -Wcomment -Wfloat-equal -Wformat-security -Wformat=2 -Wmaybe-uninitialized -Wmissing-field-initializers -Wmissing-noreturn -Wmissing-prototypes -Wnested-externs  -Werror -Wnormalized=id  conftest.c >&5
configure:29942: $? = 0
configure:29951: result: yes
configure:29967: : CFLAGS="$CFLAGS"
configure:29970: $? = 0
configure:29998: checking whether C compiler accepts -Woverride-init
configure:30017: gcc -c    -Wno-pragmas -Wall -Wextra -Wunknown-pragmas --param=ssp-buffer-size=1 -Waddress -Warray-bounds -Wbad-function-cast -Wchar-subscripts -Wcomment -Wfloat-equal -Wformat-security -Wformat=2 -Wmaybe-uninitialized -Wmissing-field-initializers -Wmissing-noreturn -Wmissing-prototypes -Wnested-externs -Wnormalized=id  -Werror -Woverride-init  conftest.c >&5
configure:30017: $? = 0
configure:30026: result: yes
configure:30042: : CFLAGS="$CFLAGS"
configure:30045: $? = 0
configure:30073: checking whether C compiler accepts -Wpointer-arith
configure:30092: gcc -c    -Wno-pragmas -Wall -Wextra -Wunknown-pragmas --param=ssp-buffer-size=1 -Waddress -Warray-bounds -Wbad-function-cast -Wchar-subscripts -Wcomment -Wfloat-equal -Wformat-security -Wformat=2 -Wmaybe-uninitialized -Wmissing-field-initializers -Wmissing-noreturn -Wmissing-prototypes -Wnested-externs -Wnormalized=id -Woverride-init  -Werror -Wpointer-arith  conftest.c >&5
configure:30092: $? = 0
configure:30101: result: yes
configure:30117: : CFLAGS="$CFLAGS"
configure:30120: $? = 0
configure:30148: checking whether C compiler accepts -Wpointer-sign
configure:30167: gcc -c    -Wno-pragmas -Wall -Wextra -Wunknown-pragmas --param=ssp-buffer-size=1 -Waddress -Warray-bounds -Wbad-function-cast -Wchar-subscripts -Wcomment -Wfloat-equal -Wformat-security -Wformat=2 -Wmaybe-uninitialized -Wmissing-field-initializers -Wmissing-noreturn -Wmissing-prototypes -Wnested-externs -Wnormalized=id -Woverride-init -Wpointer-arith  -Werror -Wpointer-sign  conftest.c >&5
configure:30167: $? = 0
configure:30176: result: yes
configure:30192: : CFLAGS="$CFLAGS"
configure:30195: $? = 0
configure:30223: checking whether C compiler accepts -Wshadow
configure:30242: gcc -c    -Wno-pragmas -Wall -Wextra -Wunknown-pragmas --param=ssp-buffer-size=1 -Waddress -Warray-bounds -Wbad-function-cast -Wchar-subscripts -Wcomment -Wfloat-equal -Wformat-security -Wformat=2 -Wmaybe-uninitialized -Wmissing-field-initializers -Wmissing-noreturn -Wmissing-prototypes -Wnested-externs -Wnormalized=id -Woverride-init -Wpointer-arith -Wpointer-sign  -Werror -Wshadow  conftest.c >&5
configure:30242: $? = 0
configure:30251: result: yes
configure:30267: : CFLAGS="$CFLAGS"
configure:30270: $? = 0
configure:30298: checking whether C compiler accepts -Wshorten-64-to-32
configure:30317: gcc -c    -Wno-pragmas -Wall -Wextra -Wunknown-pragmas --param=ssp-buffer-size=1 -Waddress -Warray-bounds -Wbad-function-cast -Wchar-subscripts -Wcomment -Wfloat-equal -Wformat-security -Wformat=2 -Wmaybe-uninitialized -Wmissing-field-initializers -Wmissing-noreturn -Wmissing-prototypes -Wnested-externs -Wnormalized=id -Woverride-init -Wpointer-arith -Wpointer-sign -Wshadow  -Werror -Wshorten-64-to-32  conftest.c >&5
gcc: error: unrecognized command-line option '-Wshorten-64-to-32'
configure:30317: $? = 1
configure: failed program was:
| /* confdefs.h */
| #define PACKAGE_NAME "wolfssl"
| #define PACKAGE_TARNAME "wolfssl"
| #define PACKAGE_VERSION "5.7.0"
| #define PACKAGE_STRING "wolfssl 5.7.0"
| #define PACKAGE_BUGREPORT "https://github.com/wolfssl/wolfssl/issues"
| #define PACKAGE_URL "https://www.wolfssl.com"
| #define STDC_HEADERS 1
| #define HAVE_SYS_TYPES_H 1
| #define HAVE_SYS_STAT_H 1
| #define HAVE_STDLIB_H 1
| #define HAVE_STRING_H 1
| #define HAVE_MEMORY_H 1
| #define HAVE_STRINGS_H 1
| #define HAVE_INTTYPES_H 1
| #define HAVE_STDINT_H 1
| #define HAVE_UNISTD_H 1
| #define HAVE_DLFCN_H 1
| #define LT_OBJDIR ".libs/"
| #define HAVE_VISIBILITY 1
| #define SIZEOF_LONG_LONG 8
| #define SIZEOF_LONG 8
| #define SIZEOF_TIME_T 8
| #define HAVE___UINT128_T 1
| #define HAVE_ARPA_INET_H 1
| #define HAVE_FCNTL_H 1
| #define HAVE_LIMITS_H 1
| #define HAVE_NETDB_H 1
| #define HAVE_NETINET_IN_H 1
| #define HAVE_STDDEF_H 1
| #define HAVE_TIME_H 1
| #define HAVE_SYS_IOCTL_H 1
| #define HAVE_SYS_SOCKET_H 1
| #define HAVE_SYS_TIME_H 1
| #define HAVE_ERRNO_H 1
| #define HAVE_SYS_UN_H 1
| #define HAVE_C___ATOMIC 1
| #define HAVE_GETHOSTBYNAME 1
| #define HAVE_GETADDRINFO 1
| #define HAVE_GETTIMEOFDAY 1
| #define HAVE_GMTIME_R 1
| #define HAVE_INET_NTOA 1
| #define HAVE_MEMSET 1
| #define HAVE_SOCKET 1
| #define HAVE_STRFTIME 1
| #define HAVE_ATEXIT 1
| #define HAVE_DECL_GETHOSTBYNAME 1
| #define HAVE_DECL_GETADDRINFO 1
| #define HAVE_DECL_GETTIMEOFDAY 1
| #define HAVE_DECL_GMTIME_R 1
| #define HAVE_DECL_GMTIME_S 0
| #define HAVE_DECL_INET_NTOA 1
| #define HAVE_DECL_MEMSET 1
| #define HAVE_DECL_SOCKET 1
| #define HAVE_DECL_STRFTIME 1
| #define HAVE_DECL_ATEXIT 1
| #define HAVE_UINTPTR_T 1
| #define TLS _Thread_local
| #define DEBUG 0
| #define HAVE_PTHREAD_PRIO_INHERIT 1
| #define HAVE_PTHREAD 1
| #define VCS_SYSTEM "none"
| #define VCS_CHECKOUT 0
| /* end confdefs.h.  */
| 
| int
| main ()
| {
| 
|   ;
|   return 0;
| }
configure:30326: result: no
configure:30373: checking whether C compiler accepts -Wsign-compare
configure:30392: gcc -c    -Wno-pragmas -Wall -Wextra -Wunknown-pragmas --param=ssp-buffer-size=1 -Waddress -Warray-bounds -Wbad-function-cast -Wchar-subscripts -Wcomment -Wfloat-equal -Wformat-security -Wformat=2 -Wmaybe-uninitialized -Wmissing-field-initializers -Wmissing-noreturn -Wmissing-prototypes -Wnested-externs -Wnormalized=id -Woverride-init -Wpointer-arith -Wpointer-sign -Wshadow  -Werror -Wsign-compare  conftest.c >&5
configure:30392: $? = 0
configure:30401: result: yes
configure:30417: : CFLAGS="$CFLAGS"
configure:30420: $? = 0
configure:30448: checking whether C compiler accepts -Wstrict-overflow=1
configure:30467: gcc -c    -Wno-pragmas -Wall -Wextra -Wunknown-pragmas --param=ssp-buffer-size=1 -Waddress -Warray-bounds -Wbad-function-cast -Wchar-subscripts -Wcomment -Wfloat-equal -Wformat-security -Wformat=2 -Wmaybe-uninitialized -Wmissing-field-initializers -Wmissing-noreturn -Wmissing-prototypes -Wnested-externs -Wnormalized=id -Woverride-init -Wpointer-arith -Wpointer-sign -Wshadow -Wsign-compare  -Werror -Wstrict-overflow=1  conftest.c >&5
configure:30467: $? = 0
configure:30476: result: yes
configure:30492: : CFLAGS="$CFLAGS"
configure:30495: $? = 0
configure:30523: checking whether C compiler accepts -Wstrict-prototypes
configure:30542: gcc -c    -Wno-pragmas -Wall -Wextra -Wunknown-pragmas --param=ssp-buffer-size=1 -Waddress -Warray-bounds -Wbad-function-cast -Wchar-subscripts -Wcomment -Wfloat-equal -Wformat-security -Wformat=2 -Wmaybe-uninitialized -Wmissing-field-initializers -Wmissing-noreturn -Wmissing-prototypes -Wnested-externs -Wnormalized=id -Woverride-init -Wpointer-arith -Wpointer-sign -Wshadow -Wsign-compare -Wstrict-overflow=1  -Werror -Wstrict-prototypes  conftest.c >&5
conftest.c:67:1: error: function declaration isn't a prototype [-Werror=strict-prototypes]
   67 | main ()
      | ^~~~
cc1: all warnings being treated as errors
configure:30542: $? = 1
configure: failed program was:
| /* confdefs.h */
| #define PACKAGE_NAME "wolfssl"
| #define PACKAGE_TARNAME "wolfssl"
| #define PACKAGE_VERSION "5.7.0"
| #define PACKAGE_STRING "wolfssl 5.7.0"
| #define PACKAGE_BUGREPORT "https://github.com/wolfssl/wolfssl/issues"
| #define PACKAGE_URL "https://www.wolfssl.com"
| #define STDC_HEADERS 1
| #define HAVE_SYS_TYPES_H 1
| #define HAVE_SYS_STAT_H 1
| #define HAVE_STDLIB_H 1
| #define HAVE_STRING_H 1
| #define HAVE_MEMORY_H 1
| #define HAVE_STRINGS_H 1
| #define HAVE_INTTYPES_H 1
| #define HAVE_STDINT_H 1
| #define HAVE_UNISTD_H 1
| #define HAVE_DLFCN_H 1
| #define LT_OBJDIR ".libs/"
| #define HAVE_VISIBILITY 1
| #define SIZEOF_LONG_LONG 8
| #define SIZEOF_LONG 8
| #define SIZEOF_TIME_T 8
| #define HAVE___UINT128_T 1
| #define HAVE_ARPA_INET_H 1
| #define HAVE_FCNTL_H 1
| #define HAVE_LIMITS_H 1
| #define HAVE_NETDB_H 1
| #define HAVE_NETINET_IN_H 1
| #define HAVE_STDDEF_H 1
| #define HAVE_TIME_H 1
| #define HAVE_SYS_IOCTL_H 1
| #define HAVE_SYS_SOCKET_H 1
| #define HAVE_SYS_TIME_H 1
| #define HAVE_ERRNO_H 1
| #define HAVE_SYS_UN_H 1
| #define HAVE_C___ATOMIC 1
| #define HAVE_GETHOSTBYNAME 1
| #define HAVE_GETADDRINFO 1
| #define HAVE_GETTIMEOFDAY 1
| #define HAVE_GMTIME_R 1
| #define HAVE_INET_NTOA 1
| #define HAVE_MEMSET 1
| #define HAVE_SOCKET 1
| #define HAVE_STRFTIME 1
| #define HAVE_ATEXIT 1
| #define HAVE_DECL_GETHOSTBYNAME 1
| #define HAVE_DECL_GETADDRINFO 1
| #define HAVE_DECL_GETTIMEOFDAY 1
| #define HAVE_DECL_GMTIME_R 1
| #define HAVE_DECL_GMTIME_S 0
| #define HAVE_DECL_INET_NTOA 1
| #define HAVE_DECL_MEMSET 1
| #define HAVE_DECL_SOCKET 1
| #define HAVE_DECL_STRFTIME 1
| #define HAVE_DECL_ATEXIT 1
| #define HAVE_UINTPTR_T 1
| #define TLS _Thread_local
| #define DEBUG 0
| #define HAVE_PTHREAD_PRIO_INHERIT 1
| #define HAVE_PTHREAD 1
| #define VCS_SYSTEM "none"
| #define VCS_CHECKOUT 0
| /* end confdefs.h.  */
| 
| int
| main ()
| {
| 
|   ;
|   return 0;
| }
configure:30551: result: no
configure:30598: checking whether C compiler accepts -Wswitch-enum
configure:30617: gcc -c    -Wno-pragmas -Wall -Wextra -Wunknown-pragmas --param=ssp-buffer-size=1 -Waddress -Warray-bounds -Wbad-function-cast -Wchar-subscripts -Wcomment -Wfloat-equal -Wformat-security -Wformat=2 -Wmaybe-uninitialized -Wmissing-field-initializers -Wmissing-noreturn -Wmissing-prototypes -Wnested-externs -Wnormalized=id -Woverride-init -Wpointer-arith -Wpointer-sign -Wshadow -Wsign-compare -Wstrict-overflow=1  -Werror -Wswitch-enum  conftest.c >&5
configure:30617: $? = 0
configure:30626: result: yes
configure:30642: : CFLAGS="$CFLAGS"
configure:30645: $? = 0
configure:30673: checking whether C compiler accepts -Wundef
configure:30692: gcc -c    -Wno-pragmas -Wall -Wextra -Wunknown-pragmas --param=ssp-buffer-size=1 -Waddress -Warray-bounds -Wbad-function-cast -Wchar-subscripts -Wcomment -Wfloat-equal -Wformat-security -Wformat=2 -Wmaybe-uninitialized -Wmissing-field-initializers -Wmissing-noreturn -Wmissing-prototypes -Wnested-externs -Wnormalized=id -Woverride-init -Wpointer-arith -Wpointer-sign -Wshadow -Wsign-compare -Wstrict-overflow=1 -Wswitch-enum  -Werror -Wundef  conftest.c >&5
configure:30692: $? = 0
configure:30701: result: yes
configure:30717: : CFLAGS="$CFLAGS"
configure:30720: $? = 0
configure:30748: checking whether C compiler accepts -Wunused
configure:30767: gcc -c    -Wno-pragmas -Wall -Wextra -Wunknown-pragmas --param=ssp-buffer-size=1 -Waddress -Warray-bounds -Wbad-function-cast -Wchar-subscripts -Wcomment -Wfloat-equal -Wformat-security -Wformat=2 -Wmaybe-uninitialized -Wmissing-field-initializers -Wmissing-noreturn -Wmissing-prototypes -Wnested-externs -Wnormalized=id -Woverride-init -Wpointer-arith -Wpointer-sign -Wshadow -Wsign-compare -Wstrict-overflow=1 -Wswitch-enum -Wundef  -Werror -Wunused  conftest.c >&5
configure:30767: $? = 0
configure:30776: result: yes
configure:30792: : CFLAGS="$CFLAGS"
configure:30795: $? = 0
configure:30823: checking whether C compiler accepts -Wunused-result
configure:30842: gcc -c    -Wno-pragmas -Wall -Wextra -Wunknown-pragmas --param=ssp-buffer-size=1 -Waddress -Warray-bounds -Wbad-function-cast -Wchar-subscripts -Wcomment -Wfloat-equal -Wformat-security -Wformat=2 -Wmaybe-uninitialized -Wmissing-field-initializers -Wmissing-noreturn -Wmissing-prototypes -Wnested-externs -Wnormalized=id -Woverride-init -Wpointer-arith -Wpointer-sign -Wshadow -Wsign-compare -Wstrict-overflow=1 -Wswitch-enum -Wundef -Wunused  -Werror -Wunused-result  conftest.c >&5
configure:30842: $? = 0
configure:30851: result: yes
configure:30867: : CFLAGS="$CFLAGS"
configure:30870: $? = 0
configure:30898: checking whether C compiler accepts -Wunused-variable
configure:30917: gcc -c    -Wno-pragmas -Wall -Wextra -Wunknown-pragmas --param=ssp-buffer-size=1 -Waddress -Warray-bounds -Wbad-function-cast -Wchar-subscripts -Wcomment -Wfloat-equal -Wformat-security -Wformat=2 -Wmaybe-uninitialized -Wmissing-field-initializers -Wmissing-noreturn -Wmissing-prototypes -Wnested-externs -Wnormalized=id -Woverride-init -Wpointer-arith -Wpointer-sign -Wshadow -Wsign-compare -Wstrict-overflow=1 -Wswitch-enum -Wundef -Wunused -Wunused-result  -Werror -Wunused-variable  conftest.c >&5
configure:30917: $? = 0
configure:30926: result: yes
configure:30942: : CFLAGS="$CFLAGS"
configure:30945: $? = 0
configure:30973: checking whether C compiler accepts -Wwrite-strings
configure:30992: gcc -c    -Wno-pragmas -Wall -Wextra -Wunknown-pragmas --param=ssp-buffer-size=1 -Waddress -Warray-bounds -Wbad-function-cast -Wchar-subscripts -Wcomment -Wfloat-equal -Wformat-security -Wformat=2 -Wmaybe-uninitialized -Wmissing-field-initializers -Wmissing-noreturn -Wmissing-prototypes -Wnested-externs -Wnormalized=id -Woverride-init -Wpointer-arith -Wpointer-sign -Wshadow -Wsign-compare -Wstrict-overflow=1 -Wswitch-enum -Wundef -Wunused -Wunused-result -Wunused-variable  -Werror -Wwrite-strings  conftest.c >&5
configure:30992: $? = 0
configure:31001: result: yes
configure:31017: : CFLAGS="$CFLAGS"
configure:31020: $? = 0
configure:31048: checking whether C compiler accepts -fwrapv
configure:31067: gcc -c    -Wno-pragmas -Wall -Wextra -Wunknown-pragmas --param=ssp-buffer-size=1 -Waddress -Warray-bounds -Wbad-function-cast -Wchar-subscripts -Wcomment -Wfloat-equal -Wformat-security -Wformat=2 -Wmaybe-uninitialized -Wmissing-field-initializers -Wmissing-noreturn -Wmissing-prototypes -Wnested-externs -Wnormalized=id -Woverride-init -Wpointer-arith -Wpointer-sign -Wshadow -Wsign-compare -Wstrict-overflow=1 -Wswitch-enum -Wundef -Wunused -Wunused-result -Wunused-variable -Wwrite-strings  -Werror -fwrapv  conftest.c >&5
configure:31067: $? = 0
configure:31076: result: yes
configure:31092: : CFLAGS="$CFLAGS"
configure:31095: $? = 0
configure:34948: result: creating wolfssl-config - generic 5.7.0 for -lwolfssl -lpthread
configure:35073: checking the number of available CPUs
configure:35156: result: 16
configure:35173: adding automake macro support
configure:35177: creating aminclude.am
configure:35208: added jobserver support to make for 17 jobs
configure:35345: checking that generated files are newer than configure
configure:35351: result: done
configure:36015: creating ./config.status

## ---------------------- ##
## Running config.status. ##
## ---------------------- ##

This file was extended by wolfssl config.status 5.7.0, which was
generated by GNU Autoconf 2.69.  Invocation command line was

  CONFIG_FILES    = 
  CONFIG_HEADERS  = 
  CONFIG_LINKS    = 
  CONFIG_COMMANDS = 
  $ ./config.status 

on fedora

config.status:1534: creating stamp-h
config.status:1534: creating Makefile
config.status:1534: creating wolfssl/version.h
config.status:1534: creating wolfssl/options.h
config.status:1534: creating support/wolfssl.pc
config.status:1534: creating debian/control
config.status:1534: creating debian/changelog
config.status:1534: creating rpm/spec
config.status:1534: creating wolfcrypt/test/test_paths.h
config.status:1534: creating scripts/unit.test
config.status:1534: creating config.h
config.status:1715: config.h is unchanged
config.status:1763: executing depfiles commands
config.status:1840: cd .       && sed -e '/# am--include-marker/d' Makefile         | make -f - am--depfiles
make: Nothing to be done for 'am--depfiles'.
config.status:1845: $? = 0
config.status:1763: executing libtool commands
config.status:1763: executing wolfssl/wolfcrypt/async.h commands
config.status:1763: executing wolfssl/wolfcrypt/fips.h commands
config.status:1763: executing wolfssl/wolfcrypt/port/cavium/cavium_nitrox.h commands
config.status:1763: executing wolfssl/wolfcrypt/port/intel/quickassist.h commands
config.status:1763: executing wolfssl/wolfcrypt/port/intel/quickassist_mem.h commands
configure:38190: ---
configure:38192: Running make clean...
configure:38217: ---
configure:38219: Generating user options header...

## ---------------- ##
## Cache variables. ##
## ---------------- ##

ac_cv_build=x86_64-pc-linux-gnu
ac_cv_c___atomic=yes
ac_cv_c_bigendian=no
ac_cv_c_compiler_gnu=yes
ac_cv_c_uint8_t=yes
ac_cv_env_CCASFLAGS_set=
ac_cv_env_CCASFLAGS_value=
ac_cv_env_CCAS_set=
ac_cv_env_CCAS_value=
ac_cv_env_CC_set=
ac_cv_env_CC_value=
ac_cv_env_CFLAGS_set=
ac_cv_env_CFLAGS_value=
ac_cv_env_CPPFLAGS_set=
ac_cv_env_CPPFLAGS_value=
ac_cv_env_CPP_set=
ac_cv_env_CPP_value=
ac_cv_env_EXTRA_CCASFLAGS_set=
ac_cv_env_EXTRA_CCASFLAGS_value=
ac_cv_env_EXTRA_CFLAGS_set=
ac_cv_env_EXTRA_CFLAGS_value=
ac_cv_env_EXTRA_CPPFLAGS_set=
ac_cv_env_EXTRA_CPPFLAGS_value=
ac_cv_env_EXTRA_LDFLAGS_set=
ac_cv_env_EXTRA_LDFLAGS_value=
ac_cv_env_LDFLAGS_set=
ac_cv_env_LDFLAGS_value=
ac_cv_env_LIBS_set=
ac_cv_env_LIBS_value=
ac_cv_env_LT_SYS_LIBRARY_PATH_set=
ac_cv_env_LT_SYS_LIBRARY_PATH_value=
ac_cv_env_build_alias_set=
ac_cv_env_build_alias_value=
ac_cv_env_host_alias_set=
ac_cv_env_host_alias_value=
ac_cv_env_target_alias_set=
ac_cv_env_target_alias_value=
ac_cv_func_atexit=yes
ac_cv_func_getaddrinfo=yes
ac_cv_func_gethostbyname=yes
ac_cv_func_gettimeofday=yes
ac_cv_func_gmtime_r=yes
ac_cv_func_gmtime_s=no
ac_cv_func_inet_ntoa=yes
ac_cv_func_memset=yes
ac_cv_func_socket=yes
ac_cv_func_strftime=yes
ac_cv_have_decl_atexit=yes
ac_cv_have_decl_getaddrinfo=yes
ac_cv_have_decl_gethostbyname=yes
ac_cv_have_decl_gettimeofday=yes
ac_cv_have_decl_gmtime_r=yes
ac_cv_have_decl_gmtime_s=no
ac_cv_have_decl_inet_ntoa=yes
ac_cv_have_decl_memset=yes
ac_cv_have_decl_socket=yes
ac_cv_have_decl_strftime=yes
ac_cv_header_arpa_inet_h=yes
ac_cv_header_dlfcn_h=yes
ac_cv_header_errno_h=yes
ac_cv_header_fcntl_h=yes
ac_cv_header_inttypes_h=yes
ac_cv_header_limits_h=yes
ac_cv_header_memory_h=yes
ac_cv_header_netdb_h=yes
ac_cv_header_netinet_in_h=yes
ac_cv_header_stdatomic_h=yes
ac_cv_header_stdc=yes
ac_cv_header_stddef_h=yes
ac_cv_header_stdint_h=yes
ac_cv_header_stdlib_h=yes
ac_cv_header_string_h=yes
ac_cv_header_strings_h=yes
ac_cv_header_sys_ioctl_h=yes
ac_cv_header_sys_socket_h=yes
ac_cv_header_sys_stat_h=yes
ac_cv_header_sys_time_h=yes
ac_cv_header_sys_types_h=yes
ac_cv_header_sys_un_h=yes
ac_cv_header_time_h=yes
ac_cv_header_unistd_h=yes
ac_cv_host=x86_64-pc-linux-gnu
ac_cv_lib_m_cos=yes
ac_cv_lib_network_socket=no
ac_cv_objext=o
ac_cv_path_EGREP='/usr/bin/grep -E'
ac_cv_path_FGREP='/usr/bin/grep -F'
ac_cv_path_GREP=/usr/bin/grep
ac_cv_path_SED=/usr/bin/sed
ac_cv_path_install='/usr/bin/install -c'
ac_cv_path_lt_DD=/usr/bin/dd
ac_cv_path_mkdir=/usr/bin/mkdir
ac_cv_prog_AWK=gawk
ac_cv_prog_CPP='gcc -E'
ac_cv_prog_ac_ct_AR=ar
ac_cv_prog_ac_ct_CC=gcc
ac_cv_prog_ac_ct_OBJDUMP=objdump
ac_cv_prog_ac_ct_RANLIB=ranlib
ac_cv_prog_ac_ct_STRIP=strip
ac_cv_prog_cc_c89=
ac_cv_prog_cc_g=yes
ac_cv_prog_make_make_set=yes
ac_cv_search_gethostbyname='none required'
ac_cv_search_socket='none required'
ac_cv_sizeof_long=8
ac_cv_sizeof_long_long=8
ac_cv_sizeof_time_t=8
ac_cv_target=x86_64-pc-linux-gnu
ac_cv_tls=_Thread_local
ac_cv_type___uint128_t=yes
ac_cv_type_size_t=yes
ac_cv_type_uintptr_t=yes
ac_cv_vcs_checkout=no
ac_cv_vcs_system=none
ac_cv_warnings_as_errors=no
am_cv_CCAS_dependencies_compiler_type=gcc3
am_cv_CC_dependencies_compiler_type=gcc3
am_cv_make_support_nested_variables=yes
am_cv_prog_cc_c_o=yes
am_cv_prog_tar_ustar=gnutar
ax_cv_PTHREAD_CLANG=no
ax_cv_PTHREAD_JOINABLE_ATTR=PTHREAD_CREATE_JOINABLE
ax_cv_PTHREAD_PRIO_INHERIT=yes
ax_cv_PTHREAD_SPECIAL_FLAGS=no
ax_cv_check_cflags__Waddress=yes
ax_cv_check_cflags__Wall=yes
ax_cv_check_cflags__Warray_bounds=yes
ax_cv_check_cflags__Wbad_function_cast=yes
ax_cv_check_cflags__Wchar_subscripts=yes
ax_cv_check_cflags__Wcomment=yes
ax_cv_check_cflags__Wextra=yes
ax_cv_check_cflags__Wfloat_equal=yes
ax_cv_check_cflags__Wformat_2=yes
ax_cv_check_cflags__Wformat_security=yes
ax_cv_check_cflags__Wmaybe_uninitialized=yes
ax_cv_check_cflags__Wmissing_field_initializers=yes
ax_cv_check_cflags__Wmissing_noreturn=yes
ax_cv_check_cflags__Wmissing_prototypes=yes
ax_cv_check_cflags__Wnested_externs=yes
ax_cv_check_cflags__Wno_pragmas=yes
ax_cv_check_cflags__Wnormalized_id=yes
ax_cv_check_cflags__Woverride_init=yes
ax_cv_check_cflags__Wpointer_arith=yes
ax_cv_check_cflags__Wpointer_sign=yes
ax_cv_check_cflags__Wshadow=yes
ax_cv_check_cflags__Wshorten_64_to_32=no
ax_cv_check_cflags__Wsign_compare=yes
ax_cv_check_cflags__Wstrict_overflow_1=yes
ax_cv_check_cflags__Wstrict_prototypes=no
ax_cv_check_cflags__Wswitch_enum=yes
ax_cv_check_cflags__Wthis_test_should_fail=no
ax_cv_check_cflags__Wundef=yes
ax_cv_check_cflags__Wunknown_pragmas=yes
ax_cv_check_cflags__Wunused=yes
ax_cv_check_cflags__Wunused_result=yes
ax_cv_check_cflags__Wunused_variable=yes
ax_cv_check_cflags__Wwrite_strings=yes
ax_cv_check_cflags___Werror=yes
ax_cv_check_cflags___param_ssp_buffer_size_1=yes
ax_cv_check_cflags__fwrapv=yes
ax_cv_check_ldflags___Werror=yes
ax_cv_check_ldflags__pie=yes
ax_cv_check_ldflags__z_relro__z_now=yes
gl_cv_cc_vis_werror=yes
gl_cv_cc_visibility=yes
lt_cv_ar_at_file=@
lt_cv_archive_cmds_need_lc=no
lt_cv_deplibs_check_method=pass_all
lt_cv_file_magic_cmd='$MAGIC_CMD'
lt_cv_file_magic_test_file=
lt_cv_ld_reload_flag=-r
lt_cv_nm_interface='BSD nm'
lt_cv_objdir=.libs
lt_cv_path_LD=/usr/bin/ld
lt_cv_path_NM='/usr/bin/nm -B'
lt_cv_path_mainfest_tool=no
lt_cv_prog_compiler_c_o=yes
lt_cv_prog_compiler_pic='-fPIC -DPIC'
lt_cv_prog_compiler_pic_works=yes
lt_cv_prog_compiler_rtti_exceptions=no
lt_cv_prog_compiler_static_works=no
lt_cv_prog_gnu_ld=yes
lt_cv_sharedlib_from_linklib_cmd='printf %s\n'
lt_cv_shlibpath_overrides_runpath=yes
lt_cv_sys_global_symbol_pipe='sed -n -e '\''s/^.*[	 ]\([ABCDGIRSTW][ABCDGIRSTW]*\)[	 ][	 ]*\([_A-Za-z][_A-Za-z0-9]*\)$/\1 \2 \2/p'\'' | sed '\''/ __gnu_lto/d'\'''
lt_cv_sys_global_symbol_to_c_name_address='sed -n -e '\''s/^: \(.*\) .*$/  {"\1", (void *) 0},/p'\'' -e '\''s/^[ABCDGIRSTW][ABCDGIRSTW]* .* \(.*\)$/  {"\1", (void *) \&\1},/p'\'''
lt_cv_sys_global_symbol_to_c_name_address_lib_prefix='sed -n -e '\''s/^: \(.*\) .*$/  {"\1", (void *) 0},/p'\'' -e '\''s/^[ABCDGIRSTW][ABCDGIRSTW]* .* \(lib.*\)$/  {"\1", (void *) \&\1},/p'\'' -e '\''s/^[ABCDGIRSTW][ABCDGIRSTW]* .* \(.*\)$/  {"lib\1", (void *) \&\1},/p'\'''
lt_cv_sys_global_symbol_to_cdecl='sed -n -e '\''s/^T .* \(.*\)$/extern int \1();/p'\'' -e '\''s/^[ABCDGIRSTW][ABCDGIRSTW]* .* \(.*\)$/extern char \1;/p'\'''
lt_cv_sys_global_symbol_to_import=
lt_cv_sys_max_cmd_len=1572864
lt_cv_to_host_file_cmd=func_convert_file_noop
lt_cv_to_tool_file_cmd=func_convert_file_noop
lt_cv_truncate_bin='/usr/bin/dd bs=4096 count=1'

## ----------------- ##
## Output variables. ##
## ----------------- ##

ACLOCAL='${SHELL} /home/kapiura/Downloads/wolfssl-5.7.0/build-aux/missing aclocal-1.16'
AMDEPBACKSLASH='\'
AMDEP_FALSE='#'
AMDEP_TRUE=''
AMINCLUDE='aminclude.am'
AMTAR='$${TAR-tar}'
AM_BACKSLASH='\'
AM_CCASFLAGS=' -DNDEBUG -DWOLFSSL_X86_64_BUILD '
AM_CFLAGS=' -fvisibility=hidden -DHAVE_C___ATOMIC=1 -DHAVE_THREAD_LS -DNDEBUG -DNO_DO178 -DWOLFSSL_X86_64_BUILD -pthread -DWOLFSSL_DTLS -DERROR_QUEUE_PER_THREAD -DTFM_TIMING_RESISTANT -DECC_TIMING_RESISTANT -DWC_RSA_BLINDING -DWOLFSSL_USE_ALIGN -DWOLFSSL_SHA224 -DWOLFSSL_SHA512 -DWOLFSSL_SHA384 -DHAVE_HKDF -DNO_DSA -DHAVE_ECC -DTFM_ECC256 -DECC_SHAMIR -DNO_OLD_TLS -DWC_RSA_PSS -DWOLFSSL_PSS_LONG_SALT -DWOLFSSL_ASN_TEMPLATE -DWOLFSSL_ASN_PRINT -DWOLFSSL_BASE64_ENCODE -DWOLFSSL_SHA3 -DWOLFSSL_NO_SHAKE128 -DWOLFSSL_NO_SHAKE256 -DHAVE_POLY1305 -DHAVE_CHACHA -DHAVE_HASHDRBG -DHAVE_TLS_EXTENSIONS -DHAVE_SNI -DHAVE_TLS_EXTENSIONS -DHAVE_SUPPORTED_CURVES -DHAVE_FFDHE_2048 -DHAVE_SUPPORTED_CURVES -DWOLFSSL_TLS13 -DHAVE_TLS_EXTENSIONS -DHAVE_EXTENDED_MASTER -DNO_RC4 -DHAVE_ENCRYPT_THEN_MAC -DNO_MD4 -DWOLFSSL_SP_MATH_ALL -DWOLFSSL_SP_X86_64 -DWC_NO_ASYNC_THREADING -DHAVE_DH_DEFAULT_PARAMS -DWOLFSSL_SYS_CA_CERTS -DNO_DES3 -DGCM_TABLE_4BIT -DHAVE_AESGCM -DHAVE_TLS_EXTENSIONS -DHAVE_SERVER_RENEGOTIATION_INFO -Wall -Wno-unused -O2 -DHAVE___UINT128_T=1 -DHAVE_WC_INTROSPECTION -include ./.build_params '
AM_CPPFLAGS=' -DWOLFSSL_HAVE_ATOMIC_H '
AM_DEFAULT_V='$(AM_DEFAULT_VERBOSITY)'
AM_DEFAULT_VERBOSITY='0'
AM_LDFLAGS=' '
AM_V='$(V)'
AR='ar'
AS='as'
ASFLAGS_FPUSIMD_DISABLE=''
ASFLAGS_FPUSIMD_ENABLE=''
ASFLAGS_FPU_DISABLE_SIMD_ENABLE=''
ASFLAGS_FPU_ENABLE_SIMD_DISABLE=''
AUTOCONF='${SHELL} /home/kapiura/Downloads/wolfssl-5.7.0/build-aux/missing autoconf'
AUTOHEADER='${SHELL} /home/kapiura/Downloads/wolfssl-5.7.0/build-aux/missing autoheader'
AUTOMAKE='${SHELL} /home/kapiura/Downloads/wolfssl-5.7.0/build-aux/missing automake-1.16'
AWK='gawk'
BUILD_AESCCM_FALSE=''
BUILD_AESCCM_TRUE='#'
BUILD_AESGCM_FALSE='#'
BUILD_AESGCM_TRUE=''
BUILD_AESNI_FALSE=''
BUILD_AESNI_TRUE='#'
BUILD_AESXTS_FALSE=''
BUILD_AESXTS_TRUE='#'
BUILD_AES_FALSE='#'
BUILD_AES_TRUE=''
BUILD_AFALG_FALSE=''
BUILD_AFALG_TRUE='#'
BUILD_ALL_FALSE=''
BUILD_ALL_TRUE='#'
BUILD_ARIA_FALSE=''
BUILD_ARIA_TRUE='#'
BUILD_ARMASM_CRYPTO_FALSE=''
BUILD_ARMASM_CRYPTO_TRUE='#'
BUILD_ARMASM_FALSE=''
BUILD_ARMASM_INLINE_FALSE=''
BUILD_ARMASM_INLINE_TRUE='#'
BUILD_ARMASM_NEON_FALSE=''
BUILD_ARMASM_NEON_TRUE='#'
BUILD_ARMASM_TRUE='#'
BUILD_ASN_FALSE='#'
BUILD_ASN_TRUE=''
BUILD_ASYNCCRYPT_FALSE=''
BUILD_ASYNCCRYPT_TRUE='#'
BUILD_AUTOSAR_FALSE=''
BUILD_AUTOSAR_TRUE='#'
BUILD_BENCHMARK_FALSE='#'
BUILD_BENCHMARK_TRUE=''
BUILD_BLAKE2S_FALSE=''
BUILD_BLAKE2S_TRUE='#'
BUILD_BLAKE2_FALSE=''
BUILD_BLAKE2_TRUE='#'
BUILD_CAAM_FALSE=''
BUILD_CAAM_TRUE='#'
BUILD_CAMELLIA_FALSE=''
BUILD_CAMELLIA_TRUE='#'
BUILD_CAVIUM_FALSE=''
BUILD_CAVIUM_TRUE='#'
BUILD_CAVIUM_V_FALSE=''
BUILD_CAVIUM_V_TRUE='#'
BUILD_CHACHA_FALSE='#'
BUILD_CHACHA_TRUE=''
BUILD_CMAC_FALSE=''
BUILD_CMAC_TRUE='#'
BUILD_CODING_FALSE='#'
BUILD_CODING_TRUE=''
BUILD_CRL_FALSE=''
BUILD_CRL_MONITOR_FALSE=''
BUILD_CRL_MONITOR_TRUE='#'
BUILD_CRL_TRUE='#'
BUILD_CRYPTOAUTHLIB_FALSE=''
BUILD_CRYPTOAUTHLIB_TRUE='#'
BUILD_CRYPTOCB_FALSE=''
BUILD_CRYPTOCB_TRUE='#'
BUILD_CRYPTONLY_FALSE=''
BUILD_CRYPTONLY_TRUE='#'
BUILD_CURVE25519_FALSE=''
BUILD_CURVE25519_SMALL_FALSE=''
BUILD_CURVE25519_SMALL_TRUE='#'
BUILD_CURVE25519_TRUE='#'
BUILD_CURVE448_FALSE=''
BUILD_CURVE448_SMALL_FALSE=''
BUILD_CURVE448_SMALL_TRUE='#'
BUILD_CURVE448_TRUE='#'
BUILD_DES3_FALSE=''
BUILD_DES3_TRUE='#'
BUILD_DEVCRYPTO_FALSE=''
BUILD_DEVCRYPTO_TRUE='#'
BUILD_DH_FALSE='#'
BUILD_DH_TRUE=''
BUILD_DISTRO_FALSE=''
BUILD_DISTRO_TRUE='#'
BUILD_DO178_FALSE=''
BUILD_DO178_TRUE='#'
BUILD_DSA_FALSE=''
BUILD_DSA_TRUE='#'
BUILD_DTLS13_FALSE=''
BUILD_DTLS13_TRUE='#'
BUILD_DTLS_CID_FALSE=''
BUILD_DTLS_CID_TRUE='#'
BUILD_DTLS_FALSE='#'
BUILD_DTLS_TRUE=''
BUILD_ECCSI_FALSE=''
BUILD_ECCSI_TRUE='#'
BUILD_ECC_FALSE='#'
BUILD_ECC_TRUE=''
BUILD_ED25519_FALSE=''
BUILD_ED25519_SMALL_FALSE=''
BUILD_ED25519_SMALL_TRUE='#'
BUILD_ED25519_TRUE='#'
BUILD_ED448_FALSE=''
BUILD_ED448_SMALL_FALSE=''
BUILD_ED448_SMALL_TRUE='#'
BUILD_ED448_TRUE='#'
BUILD_ERROR_STRINGS_FALSE='#'
BUILD_ERROR_STRINGS_TRUE=''
BUILD_EXAMPLE_ASN1_FALSE='#'
BUILD_EXAMPLE_ASN1_TRUE=''
BUILD_EXAMPLE_CLIENTS_FALSE='#'
BUILD_EXAMPLE_CLIENTS_TRUE=''
BUILD_EXAMPLE_SERVERS_FALSE='#'
BUILD_EXAMPLE_SERVERS_TRUE=''
BUILD_FASTMATH_FALSE=''
BUILD_FASTMATH_TRUE='#'
BUILD_FE448_FALSE=''
BUILD_FE448_TRUE='#'
BUILD_FEMATH_FALSE=''
BUILD_FEMATH_TRUE='#'
BUILD_FIPS_CURRENT_FALSE=''
BUILD_FIPS_CURRENT_TRUE='#'
BUILD_FIPS_FALSE=''
BUILD_FIPS_RAND_FALSE=''
BUILD_FIPS_RAND_TRUE='#'
BUILD_FIPS_TRUE='#'
BUILD_FIPS_V1_FALSE=''
BUILD_FIPS_V1_TRUE='#'
BUILD_FIPS_V2_FALSE=''
BUILD_FIPS_V2_TRUE='#'
BUILD_FIPS_V5_FALSE=''
BUILD_FIPS_V5_TRUE='#'
BUILD_GE448_FALSE=''
BUILD_GE448_TRUE='#'
BUILD_GEMATH_FALSE=''
BUILD_GEMATH_TRUE='#'
BUILD_HASHFLAGS_FALSE=''
BUILD_HASHFLAGS_TRUE='#'
BUILD_HEAPMATH_FALSE=''
BUILD_HEAPMATH_TRUE='#'
BUILD_HMAC_FALSE='#'
BUILD_HMAC_TRUE=''
BUILD_HPKE_FALSE=''
BUILD_HPKE_TRUE='#'
BUILD_INLINE_FALSE='#'
BUILD_INLINE_TRUE=''
BUILD_INTELASM_FALSE=''
BUILD_INTELASM_TRUE='#'
BUILD_INTEL_QA_FALSE=''
BUILD_INTEL_QA_SYNC_FALSE=''
BUILD_INTEL_QA_SYNC_TRUE='#'
BUILD_INTEL_QA_TRUE='#'
BUILD_IOTSAFE_FALSE=''
BUILD_IOTSAFE_HWRNG_FALSE=''
BUILD_IOTSAFE_HWRNG_TRUE='#'
BUILD_IOTSAFE_TRUE='#'
BUILD_IPV6_FALSE=''
BUILD_IPV6_TRUE='#'
BUILD_KCAPI_FALSE=''
BUILD_KCAPI_TRUE='#'
BUILD_KDF_FALSE='#'
BUILD_KDF_TRUE=''
BUILD_LEANPSK_FALSE=''
BUILD_LEANPSK_TRUE='#'
BUILD_LEANTLS_FALSE=''
BUILD_LEANTLS_TRUE='#'
BUILD_LIBLMS_FALSE=''
BUILD_LIBLMS_TRUE='#'
BUILD_LIBOQS_FALSE=''
BUILD_LIBOQS_TRUE='#'
BUILD_LIBXMSS_FALSE=''
BUILD_LIBXMSS_TRUE='#'
BUILD_LIBZ_FALSE=''
BUILD_LIBZ_TRUE='#'
BUILD_LINUXKM_FALSE=''
BUILD_LINUXKM_TRUE='#'
BUILD_LOWMEM_FALSE=''
BUILD_LOWMEM_TRUE='#'
BUILD_MAXQ10XX_FALSE=''
BUILD_MAXQ10XX_TRUE='#'
BUILD_MCAPI_FALSE=''
BUILD_MCAPI_TRUE='#'
BUILD_MCAST_FALSE=''
BUILD_MCAST_TRUE='#'
BUILD_MD2_FALSE=''
BUILD_MD2_TRUE='#'
BUILD_MD4_FALSE=''
BUILD_MD4_TRUE='#'
BUILD_MD5_FALSE='#'
BUILD_MD5_TRUE=''
BUILD_MEMORY_FALSE='#'
BUILD_MEMORY_TRUE=''
BUILD_NO_LIBRARY_FALSE=''
BUILD_NO_LIBRARY_TRUE='#'
BUILD_OCSP_FALSE=''
BUILD_OCSP_STAPLING_FALSE=''
BUILD_OCSP_STAPLING_TRUE='#'
BUILD_OCSP_STAPLING_V2_FALSE=''
BUILD_OCSP_STAPLING_V2_TRUE='#'
BUILD_OCSP_TRUE='#'
BUILD_OCTEON_SYNC_FALSE=''
BUILD_OCTEON_SYNC_TRUE='#'
BUILD_PKCALLBACKS_FALSE=''
BUILD_PKCALLBACKS_TRUE='#'
BUILD_PKCS11_FALSE=''
BUILD_PKCS11_TRUE='#'
BUILD_PKCS12_FALSE='#'
BUILD_PKCS12_TRUE=''
BUILD_PKCS7_FALSE=''
BUILD_PKCS7_TRUE='#'
BUILD_PKCS8_FALSE='#'
BUILD_PKCS8_TRUE=''
BUILD_PKI_FALSE='#'
BUILD_PKI_TRUE=''
BUILD_POLY1305_FALSE='#'
BUILD_POLY1305_TRUE=''
BUILD_PSA_FALSE=''
BUILD_PSA_TRUE='#'
BUILD_PSK_FALSE='#'
BUILD_PSK_TRUE=''
BUILD_PWDBASED_FALSE='#'
BUILD_PWDBASED_TRUE=''
BUILD_QNXCAAM_FALSE=''
BUILD_QNXCAAM_TRUE='#'
BUILD_QUIC_FALSE=''
BUILD_QUIC_TRUE='#'
BUILD_RC2_FALSE=''
BUILD_RC2_TRUE='#'
BUILD_RC4_FALSE=''
BUILD_RC4_TRUE='#'
BUILD_RIPEMD_FALSE=''
BUILD_RIPEMD_TRUE='#'
BUILD_RNG_FALSE='#'
BUILD_RNG_TRUE=''
BUILD_RSA_FALSE='#'
BUILD_RSA_TRUE=''
BUILD_SAKKE_FALSE=''
BUILD_SAKKE_TRUE='#'
BUILD_SCRYPT_FALSE=''
BUILD_SCRYPT_TRUE='#'
BUILD_SCTP_FALSE=''
BUILD_SCTP_TRUE='#'
BUILD_SE050_FALSE=''
BUILD_SE050_TRUE='#'
BUILD_SELFTEST_FALSE=''
BUILD_SELFTEST_TRUE='#'
BUILD_SHA224_FALSE='#'
BUILD_SHA224_TRUE=''
BUILD_SHA3_FALSE='#'
BUILD_SHA3_TRUE=''
BUILD_SHA512_FALSE='#'
BUILD_SHA512_TRUE=''
BUILD_SHA_FALSE='#'
BUILD_SHA_TRUE=''
BUILD_SIPHASH_FALSE=''
BUILD_SIPHASH_TRUE='#'
BUILD_SM2_FALSE=''
BUILD_SM2_TRUE='#'
BUILD_SM3_FALSE=''
BUILD_SM3_TRUE='#'
BUILD_SM4_FALSE=''
BUILD_SM4_TRUE='#'
BUILD_SMIME_FALSE=''
BUILD_SMIME_TRUE='#'
BUILD_SNIFFER_FALSE=''
BUILD_SNIFFER_TRUE='#'
BUILD_SNIFFTEST_FALSE=''
BUILD_SNIFFTEST_TRUE='#'
BUILD_SP_ARM32_FALSE=''
BUILD_SP_ARM32_TRUE='#'
BUILD_SP_ARM64_FALSE=''
BUILD_SP_ARM64_TRUE='#'
BUILD_SP_ARM_CORTEX_FALSE=''
BUILD_SP_ARM_CORTEX_TRUE='#'
BUILD_SP_ARM_THUMB_FALSE=''
BUILD_SP_ARM_THUMB_TRUE='#'
BUILD_SP_C32_FALSE=''
BUILD_SP_C32_TRUE='#'
BUILD_SP_C64_FALSE=''
BUILD_SP_C64_TRUE='#'
BUILD_SP_FALSE=''
BUILD_SP_INT_FALSE='#'
BUILD_SP_INT_TRUE=''
BUILD_SP_TRUE='#'
BUILD_SP_X86_64_FALSE=''
BUILD_SP_X86_64_TRUE='#'
BUILD_SRP_FALSE=''
BUILD_SRP_TRUE='#'
BUILD_SRTP_FALSE=''
BUILD_SRTP_TRUE='#'
BUILD_TESTS_FALSE='#'
BUILD_TESTS_TRUE=''
BUILD_THREADED_EXAMPLES_FALSE='#'
BUILD_THREADED_EXAMPLES_TRUE=''
BUILD_TLS13_FALSE='#'
BUILD_TLS13_TRUE=''
BUILD_TRUST_PEER_CERT_FALSE=''
BUILD_TRUST_PEER_CERT_TRUE='#'
BUILD_WC_KYBER_FALSE=''
BUILD_WC_KYBER_TRUE='#'
BUILD_WC_LMS_FALSE=''
BUILD_WC_LMS_TRUE='#'
BUILD_WC_XMSS_FALSE=''
BUILD_WC_XMSS_TRUE='#'
BUILD_WNR_FALSE=''
BUILD_WNR_TRUE='#'
BUILD_WOLFCRYPT_TESTS_FALSE='#'
BUILD_WOLFCRYPT_TESTS_LIBS_FALSE=''
BUILD_WOLFCRYPT_TESTS_LIBS_TRUE='#'
BUILD_WOLFCRYPT_TESTS_TRUE=''
BUILD_WOLFEVENT_FALSE=''
BUILD_WOLFEVENT_TRUE='#'
BUILD_X86_ASM_FALSE=''
BUILD_X86_ASM_TRUE='#'
BUILD_XCHACHA_FALSE=''
BUILD_XCHACHA_TRUE='#'
BUILD_XILINX_FALSE=''
BUILD_XILINX_TRUE='#'
CC='gcc'
CCAS='gcc'
CCASDEPMODE='depmode=gcc3'
CCASFLAGS='  '
CCDEPMODE='depmode=gcc3'
CFLAGS='   -Wno-pragmas -Wall -Wextra -Wunknown-pragmas --param=ssp-buffer-size=1 -Waddress -Warray-bounds -Wbad-function-cast -Wchar-subscripts -Wcomment -Wfloat-equal -Wformat-security -Wformat=2 -Wmaybe-uninitialized -Wmissing-field-initializers -Wmissing-noreturn -Wmissing-prototypes -Wnested-externs -Wnormalized=id -Woverride-init -Wpointer-arith -Wpointer-sign -Wshadow -Wsign-compare -Wstrict-overflow=1 -Wswitch-enum -Wundef -Wunused -Wunused-result -Wunused-variable -Wwrite-strings -fwrapv'
CFLAGS_AUTO_VECTORIZE_DISABLE=''
CFLAGS_AUTO_VECTORIZE_ENABLE=''
CFLAGS_FPU_DISABLE=''
CFLAGS_FPU_ENABLE=''
CFLAGS_SIMD_DISABLE=''
CFLAGS_SIMD_ENABLE=''
CFLAG_VISIBILITY='-fvisibility=hidden'
CPP='gcc -E'
CPPFLAGS=''
CYGPATH_W='echo'
DEBUG_FALSE=''
DEBUG_TRUE='#'
DEFS='-DHAVE_CONFIG_H'
DEPDIR='.deps'
DLLTOOL='false'
DSYMUTIL=''
DUMPBIN=''
ECHO_C=''
ECHO_N='-n'
ECHO_T=''
EGREP='/usr/bin/grep -E'
ENABLED_ASM='yes'
ENABLED_CRYPT_TESTS='yes'
ENABLED_FIPS='no'
ENABLED_LINUXKM_BENCHMARKS='no'
ENABLED_LINUXKM_PIE='no'
EXEEXT=''
EXTRA_CCASFLAGS=''
EXTRA_CFLAGS=''
EXTRA_CPPFLAGS=''
EXTRA_LDFLAGS=''
FGREP='/usr/bin/grep -F'
GENERIC_CONFIG='wolfssl-config'
GREP='/usr/bin/grep'
HAVE_OPENSSL_CMD=''
HAVE_VALGRIND=''
HAVE_VISIBILITY='1'
HEX_VERSION='0x05007000'
INCLUDE_SP_INT='yes'
INC_AMINCLUDE='include $(top_builddir)/aminclude.am'
INSTALL_DATA='${INSTALL} -m 644'
INSTALL_PROGRAM='${INSTALL}'
INSTALL_SCRIPT='${INSTALL}'
INSTALL_STRIP_PROGRAM='$(install_sh) -c -s'
IS_VCS_CHECKOUT_FALSE=''
IS_VCS_CHECKOUT_TRUE='#'
KERNEL_ARCH=''
KERNEL_ROOT=''
LD='/usr/bin/ld -m elf_x86_64'
LDFLAGS=''
LIBM='-lm'
LIBOBJS=''
LIBS=' -lpthread'
LIBSUFFIX=''
LIBTOOL='$(SHELL) $(top_builddir)/libtool'
LIB_ADD=''
LIB_STATIC_ADD=''
LIPO=''
LN_S='ln -s'
LTLIBOBJS=''
LT_SYS_LIBRARY_PATH=''
MAKEINFO='${SHELL} /home/kapiura/Downloads/wolfssl-5.7.0/build-aux/missing makeinfo'
MANIFEST_TOOL=':'
MCHECK=''
MKDIR_P='/usr/bin/mkdir -p'
NM='/usr/bin/nm -B'
NMEDIT=''
OBJDUMP='objdump'
OBJEXT='o'
OTOOL64=''
OTOOL=''
PACKAGE='wolfssl'
PACKAGE_BUGREPORT='https://github.com/wolfssl/wolfssl/issues'
PACKAGE_NAME='wolfssl'
PACKAGE_STRING='wolfssl 5.7.0'
PACKAGE_TARNAME='wolfssl'
PACKAGE_URL='https://www.wolfssl.com'
PACKAGE_VERSION='5.7.0'
PATH_SEPARATOR=':'
PSA_INCLUDE=''
PSA_LIB=''
PSA_LIB_NAME=''
PTHREAD_CC='gcc'
PTHREAD_CFLAGS='-pthread'
PTHREAD_CXX=''
PTHREAD_LIBS='-lpthread'
RANLIB='ranlib'
SED='/usr/bin/sed'
SET_MAKE=''
SHELL='/bin/sh'
STRIP='strip'
USE_VALGRIND_FALSE=''
USE_VALGRIND_TRUE='#'
VERSION='5.7.0'
WOLFSENTRY_INCLUDE=''
WOLFSENTRY_LIB=''
WOLFSSL_BUILD_DATE='Tue, 07 May 2024 19:04:12 +0200'
WOLFSSL_CONFIG_ARGS=' '\''--enable-dtls'\'' '\''--enable-psk'\'' '\''--enable-sni'\'' '\''--enable-tls13'\'''
WOLFSSL_LIBRARY_VERSION='42:1:0'
WOLFSSL_LIBRARY_VERSION_FIRST='42'
WOLFSSL_LIBRARY_VERSION_SECOND='1'
WOLFSSL_LIBRARY_VERSION_THIRD='0'
XMSS_ROOT=''
ac_ct_AR='ar'
ac_ct_CC='gcc'
ac_ct_DUMPBIN=''
am__EXEEXT_FALSE=''
am__EXEEXT_TRUE='#'
am__fastdepCCAS_FALSE='#'
am__fastdepCCAS_TRUE=''
am__fastdepCC_FALSE='#'
am__fastdepCC_TRUE=''
am__include='include'
am__isrc=''
am__leading_dot='.'
am__nodep='_no'
am__quote=''
am__tar='tar --format=ustar -chf - "$$tardir"'
am__untar='tar -xf -'
ax_pthread_config=''
bindir='${exec_prefix}/bin'
build='x86_64-pc-linux-gnu'
build_alias=''
build_cpu='x86_64'
build_os='linux-gnu'
build_vendor='pc'
datadir='${datarootdir}'
datarootdir='${prefix}/share'
docdir='${datarootdir}/doc/${PACKAGE_TARNAME}'
dvidir='${docdir}'
exec_prefix='${prefix}'
host='x86_64-pc-linux-gnu'
host_alias=''
host_cpu='x86_64'
host_os='linux-gnu'
host_vendor='pc'
htmldir='${docdir}'
includedir='${prefix}/include'
infodir='${datarootdir}/info'
install_sh='${SHELL} /home/kapiura/Downloads/wolfssl-5.7.0/build-aux/install-sh'
libdir='${exec_prefix}/lib'
libexecdir='${exec_prefix}/libexec'
localedir='${datarootdir}/locale'
localstatedir='${prefix}/var'
mandir='${datarootdir}/man'
mkdir_p='$(MKDIR_P)'
oldincludedir='/usr/include'
pdfdir='${docdir}'
prefix='/usr/local'
program_transform_name='s,x,x,'
psdir='${docdir}'
runstatedir='${localstatedir}/run'
sbindir='${exec_prefix}/sbin'
sharedstatedir='${prefix}/com'
sysconfdir='${prefix}/etc'
target='x86_64-pc-linux-gnu'
target_alias=''
target_cpu='x86_64'
target_os='linux-gnu'
target_vendor='pc'

## ----------- ##
## confdefs.h. ##
## ----------- ##

/* confdefs.h */
#define PACKAGE_NAME "wolfssl"
#define PACKAGE_TARNAME "wolfssl"
#define PACKAGE_VERSION "5.7.0"
#define PACKAGE_STRING "wolfssl 5.7.0"
#define PACKAGE_BUGREPORT "https://github.com/wolfssl/wolfssl/issues"
#define PACKAGE_URL "https://www.wolfssl.com"
#define STDC_HEADERS 1
#define HAVE_SYS_TYPES_H 1
#define HAVE_SYS_STAT_H 1
#define HAVE_STDLIB_H 1
#define HAVE_STRING_H 1
#define HAVE_MEMORY_H 1
#define HAVE_STRINGS_H 1
#define HAVE_INTTYPES_H 1
#define HAVE_STDINT_H 1
#define HAVE_UNISTD_H 1
#define HAVE_DLFCN_H 1
#define LT_OBJDIR ".libs/"
#define HAVE_VISIBILITY 1
#define SIZEOF_LONG_LONG 8
#define SIZEOF_LONG 8
#define SIZEOF_TIME_T 8
#define HAVE___UINT128_T 1
#define HAVE_ARPA_INET_H 1
#define HAVE_FCNTL_H 1
#define HAVE_LIMITS_H 1
#define HAVE_NETDB_H 1
#define HAVE_NETINET_IN_H 1
#define HAVE_STDDEF_H 1
#define HAVE_TIME_H 1
#define HAVE_SYS_IOCTL_H 1
#define HAVE_SYS_SOCKET_H 1
#define HAVE_SYS_TIME_H 1
#define HAVE_ERRNO_H 1
#define HAVE_SYS_UN_H 1
#define HAVE_C___ATOMIC 1
#define HAVE_GETHOSTBYNAME 1
#define HAVE_GETADDRINFO 1
#define HAVE_GETTIMEOFDAY 1
#define HAVE_GMTIME_R 1
#define HAVE_INET_NTOA 1
#define HAVE_MEMSET 1
#define HAVE_SOCKET 1
#define HAVE_STRFTIME 1
#define HAVE_ATEXIT 1
#define HAVE_DECL_GETHOSTBYNAME 1
#define HAVE_DECL_GETADDRINFO 1
#define HAVE_DECL_GETTIMEOFDAY 1
#define HAVE_DECL_GMTIME_R 1
#define HAVE_DECL_GMTIME_S 0
#define HAVE_DECL_INET_NTOA 1
#define HAVE_DECL_MEMSET 1
#define HAVE_DECL_SOCKET 1
#define HAVE_DECL_STRFTIME 1
#define HAVE_DECL_ATEXIT 1
#define HAVE_UINTPTR_T 1
#define TLS _Thread_local
#define DEBUG 0
#define HAVE_PTHREAD_PRIO_INHERIT 1
#define HAVE_PTHREAD 1
#define VCS_SYSTEM "none"
#define VCS_CHECKOUT 0

configure: exit 0
